TN:
SF:src\App.jsx
FN:62,App
FNF:1
FNH:1
FNDA:2,App
DA:1,1
DA:39,1
DA:40,1
DA:41,1
DA:42,1
DA:43,1
DA:44,1
DA:45,1
DA:46,1
DA:47,1
DA:49,1
DA:50,1
DA:51,1
DA:52,1
DA:53,1
DA:54,1
DA:55,1
DA:56,1
DA:57,1
DA:58,1
DA:59,1
DA:60,1
DA:62,2
DA:63,2
DA:64,2
DA:65,2
DA:66,2
DA:67,2
DA:68,2
DA:69,2
DA:70,2
DA:71,2
DA:72,2
DA:73,2
DA:74,2
DA:75,2
DA:76,2
DA:77,2
DA:78,2
DA:81,2
DA:82,2
DA:83,2
DA:84,2
DA:85,2
DA:86,2
DA:88,2
DA:89,2
DA:90,2
DA:91,2
DA:92,2
DA:93,2
DA:94,2
DA:95,2
DA:96,2
DA:97,2
DA:98,2
DA:99,2
DA:101,2
DA:102,2
DA:103,2
DA:104,2
DA:105,2
DA:106,2
DA:107,2
DA:108,2
DA:109,2
DA:110,2
DA:111,2
DA:112,2
DA:113,2
DA:114,2
DA:115,2
DA:116,2
DA:118,2
LF:74
LH:74
BRDA:62,0,0,2
BRF:1
BRH:1
end_of_record
TN:
SF:src\api\client.js
FN:29,api.interceptors.response.use.currentPath
FNF:1
FNH:1
FNDA:1,api.interceptors.response.use.currentPath
DA:1,1
DA:3,1
DA:4,1
DA:5,1
DA:7,1
DA:8,1
DA:9,3
DA:10,3
DA:11,3
DA:12,3
DA:13,3
DA:14,3
DA:15,3
DA:16,3
DA:17,3
DA:18,3
DA:19,2
DA:20,2
DA:21,1
DA:22,1
DA:23,2
DA:24,3
DA:25,1
DA:27,1
DA:28,1
DA:29,1
DA:30,1
DA:31,3
DA:32,2
DA:33,2
DA:34,2
DA:35,2
DA:36,2
DA:37,2
DA:38,2
DA:39,2
DA:41,2
DA:42,1
DA:43,1
DA:44,1
DA:45,1
DA:46,1
DA:47,2
DA:48,3
DA:49,3
DA:50,1
DA:52,1
LF:47
LH:47
BRDA:8,0,0,3
BRDA:18,1,0,2
BRDA:20,2,0,1
BRDA:17,3,0,13
BRDA:29,4,0,1
BRDA:30,5,0,3
BRDA:31,6,0,2
BRDA:36,7,0,1
BRDA:37,8,0,1
BRDA:38,9,0,1
BRDA:41,10,0,1
BRF:11
BRH:11
end_of_record
TN:
SF:src\components\dashboard\DashboardLayout.jsx
FN:4,DashboardLayout
FN:22,className
FNF:2
FNH:2
FNDA:4,DashboardLayout
FNDA:12,className
DA:1,1
DA:4,1
DA:5,4
DA:7,4
DA:8,4
DA:10,4
DA:11,4
DA:12,4
DA:13,4
DA:14,4
DA:15,4
DA:16,4
DA:17,4
DA:18,12
DA:19,12
DA:20,12
DA:21,12
DA:22,12
DA:23,12
DA:24,12
DA:25,4
DA:26,8
DA:27,12
DA:30,12
DA:31,12
DA:32,4
DA:33,4
DA:34,4
DA:37,4
DA:38,4
DA:39,4
DA:40,4
DA:42,4
LF:33
LH:33
BRDA:4,0,0,4
BRDA:13,1,0,3
BRDA:13,2,0,1
BRDA:14,3,0,3
BRDA:17,4,0,12
BRDA:22,5,0,12
BRDA:24,6,0,4
BRDA:25,7,0,8
BRF:8
BRH:8
end_of_record
TN:
SF:src\components\forms\RichTextEditor.jsx
FN:4,RichTextEditor
FNF:1
FNH:1
FNDA:4,RichTextEditor
DA:1,1
DA:4,1
DA:5,4
DA:6,4
DA:7,4
DA:8,4
DA:9,4
DA:10,4
DA:11,4
DA:12,4
DA:13,4
DA:15,4
LF:12
LH:12
BRDA:4,0,0,4
BRF:1
BRH:1
end_of_record
TN:
SF:src\components\layout\MainLayout.jsx
FN:10,MainLayout
FN:28,handleLogout
FN:42,onClick
FN:62,className
FN:105,onClick
FN:120,onClick
FN:136,onClick
FN:145,onClick
FN:152,onClick
FN:162,onClick
FN:195,onClick
FN:196,className
FNF:12
FNH:6
FNDA:28,MainLayout
FNDA:1,handleLogout
FNDA:1,onClick
FNDA:97,className
FNDA:5,onClick
FNDA:0,onClick
FNDA:0,onClick
FNDA:0,onClick
FNDA:0,onClick
FNDA:0,onClick
FNDA:0,onClick
FNDA:4,className
DA:1,1
DA:10,1
DA:11,28
DA:12,28
DA:13,28
DA:14,28
DA:15,28
DA:16,28
DA:18,28
DA:19,28
DA:21,28
DA:22,28
DA:23,28
DA:24,28
DA:25,28
DA:26,28
DA:28,28
DA:29,1
DA:30,1
DA:31,1
DA:32,1
DA:34,28
DA:35,28
DA:37,28
DA:38,28
DA:40,28
DA:41,28
DA:42,28
DA:43,28
DA:45,28
DA:46,28
DA:47,28
DA:48,28
DA:49,28
DA:50,28
DA:51,28
DA:52,28
DA:53,28
DA:56,28
DA:57,28
DA:58,97
DA:59,97
DA:60,97
DA:61,97
DA:62,97
DA:63,97
DA:64,97
DA:65,26
DA:66,71
DA:67,97
DA:70,97
DA:71,97
DA:72,28
DA:73,28
DA:76,28
DA:78,28
DA:79,28
DA:80,28
DA:81,28
DA:83,28
DA:84,28
DA:87,28
DA:88,16
DA:89,16
DA:90,16
DA:92,16
DA:93,16
DA:94,0
DA:95,0
DA:96,0
DA:98,16
DA:102,28
DA:103,16
DA:104,16
DA:105,16
DA:106,16
DA:108,16
DA:109,16
DA:110,16
DA:111,16
DA:112,16
DA:113,2
DA:115,16
DA:116,16
DA:118,16
DA:119,5
DA:120,5
DA:121,5
DA:122,5
DA:123,5
DA:124,5
DA:125,5
DA:126,5
DA:127,5
DA:128,1
DA:129,1
DA:130,1
DA:132,5
DA:133,5
DA:134,5
DA:135,5
DA:136,5
DA:137,5
DA:138,5
DA:140,5
DA:141,5
DA:142,3
DA:143,3
DA:144,3
DA:145,3
DA:146,3
DA:147,3
DA:149,3
DA:150,3
DA:151,3
DA:152,3
DA:153,3
DA:154,3
DA:156,3
DA:157,3
DA:159,5
DA:160,2
DA:161,2
DA:162,2
DA:163,2
DA:165,2
DA:166,2
DA:168,5
DA:169,5
DA:170,5
DA:172,5
DA:174,5
DA:175,5
DA:176,5
DA:178,16
DA:180,11
DA:182,11
DA:184,28
DA:185,28
DA:188,28
DA:189,1
DA:190,1
DA:191,1
DA:192,4
DA:193,4
DA:194,4
DA:195,4
DA:196,4
DA:197,4
DA:198,4
DA:199,1
DA:200,3
DA:201,4
DA:204,4
DA:205,4
DA:206,1
DA:207,1
DA:208,1
DA:209,1
DA:210,1
DA:211,1
DA:213,1
DA:215,1
DA:216,1
DA:218,28
DA:221,28
DA:222,28
DA:223,28
DA:226,28
DA:227,28
DA:228,28
DA:229,28
DA:230,28
DA:233,28
DA:234,28
DA:236,28
LF:176
LH:173
BRDA:10,0,0,28
BRDA:25,1,0,16
BRDA:25,2,0,11
BRDA:45,3,0,1
BRDA:45,4,0,26
BRDA:83,5,0,1
BRDA:83,6,0,26
BRDA:87,7,0,16
BRDA:93,8,0,0
BRDA:102,9,0,16
BRDA:109,10,0,0
BRDA:112,11,0,2
BRDA:112,12,0,2
BRDA:115,13,0,5
BRDA:115,14,0,11
BRDA:118,15,0,5
BRDA:127,16,0,1
BRDA:127,17,0,1
BRDA:141,18,0,3
BRDA:159,19,0,2
BRDA:178,20,0,11
BRDA:188,21,0,1
BRDA:28,22,0,1
BRDA:42,23,0,1
BRDA:42,24,0,1
BRDA:57,25,0,97
BRDA:62,26,0,97
BRDA:64,27,0,26
BRDA:65,28,0,71
BRDA:105,29,0,5
BRDA:105,30,0,5
BRDA:191,31,0,4
BRDA:196,32,0,4
BRDA:198,33,0,1
BRDA:199,34,0,3
BRF:35
BRH:33
end_of_record
TN:
SF:src\components\layout\ProtectedRoute.jsx
FN:4,ProtectedRoute
FNF:1
FNH:1
FNDA:4,ProtectedRoute
DA:1,1
DA:4,1
DA:5,4
DA:6,4
DA:7,1
DA:8,1
DA:9,4
DA:10,1
DA:11,1
DA:12,2
DA:13,2
LF:11
LH:11
BRDA:4,0,0,4
BRDA:6,1,0,1
BRDA:8,2,0,3
BRDA:9,3,0,2
BRDA:9,4,0,1
BRDA:11,5,0,2
BRF:6
BRH:6
end_of_record
TN:
SF:src\components\ui\FeedbackWidget.jsx
FN:7,FeedbackWidget
FN:39,handleSend
FN:71,onClick
FN:114,onClick
FN:160,onChange
FN:161,onKeyDown
FNF:6
FNH:6
FNDA:36,FeedbackWidget
FNDA:3,handleSend
FNDA:10,onClick
FNDA:1,onClick
FNDA:3,onChange
FNDA:1,onKeyDown
DA:1,1
DA:7,1
DA:8,36
DA:9,36
DA:10,36
DA:11,36
DA:12,36
DA:13,36
DA:14,36
DA:15,36
DA:16,36
DA:19,36
DA:20,24
DA:21,9
DA:22,9
DA:23,9
DA:25,9
DA:26,9
DA:27,1
DA:28,1
DA:29,9
DA:30,9
DA:31,9
DA:32,36
DA:35,36
DA:36,17
DA:37,36
DA:39,36
DA:40,3
DA:41,3
DA:42,0
DA:43,0
DA:44,0
DA:46,3
DA:47,3
DA:48,3
DA:49,3
DA:50,3
DA:51,3
DA:52,3
DA:53,3
DA:54,3
DA:55,3
DA:56,3
DA:57,1
DA:58,3
DA:59,3
DA:60,3
DA:61,3
DA:64,36
DA:66,36
DA:67,36
DA:69,36
DA:70,36
DA:71,36
DA:72,10
DA:73,1
DA:74,1
DA:75,1
DA:76,9
DA:77,10
DA:78,36
DA:79,36
DA:80,19
DA:81,17
DA:82,36
DA:83,36
DA:85,36
DA:86,19
DA:87,19
DA:88,19
DA:89,19
DA:91,17
DA:92,17
DA:93,17
DA:94,17
DA:96,36
DA:99,36
DA:100,19
DA:101,19
DA:104,19
DA:105,19
DA:106,19
DA:107,19
DA:108,19
DA:109,19
DA:110,19
DA:111,19
DA:112,19
DA:113,19
DA:114,19
DA:115,19
DA:116,19
DA:117,19
DA:120,19
DA:121,19
DA:122,17
DA:123,17
DA:124,17
DA:125,17
DA:126,17
DA:127,17
DA:128,17
DA:130,2
DA:131,3
DA:132,3
DA:133,3
DA:134,1
DA:135,2
DA:136,3
DA:137,3
DA:138,1
DA:140,3
DA:141,3
DA:142,3
DA:143,3
DA:144,2
DA:146,19
DA:147,19
DA:150,19
DA:151,19
DA:152,2
DA:153,2
DA:154,2
DA:156,19
DA:157,19
DA:158,19
DA:159,19
DA:160,19
DA:161,19
DA:162,19
DA:163,19
DA:164,19
DA:165,19
DA:166,19
DA:167,19
DA:168,19
DA:169,19
DA:171,19
DA:172,19
DA:173,19
DA:174,19
DA:175,19
DA:176,19
DA:177,19
DA:178,19
DA:182,36
DA:187,36
DA:188,36
DA:190,36
LF:150
LH:147
BRDA:7,0,0,36
BRDA:79,1,0,19
BRDA:80,2,0,17
BRDA:83,3,0,1
BRDA:83,4,0,35
BRDA:85,5,0,19
BRDA:89,6,0,17
BRDA:99,7,0,19
BRDA:121,8,0,17
BRDA:128,9,0,2
BRDA:151,10,0,2
BRDA:168,11,0,7
BRDA:171,12,0,3
BRDA:171,13,0,16
BRDA:19,14,0,24
BRDA:20,15,0,9
BRDA:20,16,0,9
BRDA:22,17,0,9
BRDA:23,18,0,0
BRDA:26,19,0,1
BRDA:27,20,0,0
BRDA:25,21,0,1
BRDA:25,22,0,0
BRDA:35,23,0,17
BRDA:36,24,0,3
BRDA:39,25,0,3
BRDA:40,26,0,0
BRDA:41,27,0,0
BRDA:51,28,0,2
BRDA:52,29,0,0
BRDA:56,30,0,1
BRDA:57,31,0,0
BRDA:55,32,0,1
BRDA:71,33,0,10
BRDA:72,34,0,1
BRDA:75,35,0,9
BRDA:76,36,0,9
BRDA:114,37,0,1
BRDA:130,38,0,3
BRDA:131,39,0,1
BRDA:131,40,0,2
BRDA:133,41,0,1
BRDA:134,42,0,2
BRDA:137,43,0,1
BRDA:160,44,0,3
BRDA:161,45,0,1
BRF:46
BRH:39
end_of_record
TN:
SF:src\components\ui\LoadingSpinner.jsx
FN:1,LoadingSpinner
FN:10,PageLoader
FN:21,EmptyState
FNF:3
FNH:3
FNDA:198,LoadingSpinner
FNDA:186,PageLoader
FNDA:6,EmptyState
DA:1,1
DA:2,198
DA:3,198
DA:4,198
DA:5,198
DA:6,198
DA:8,198
DA:10,1
DA:11,186
DA:12,186
DA:13,186
DA:14,186
DA:15,186
DA:16,186
DA:17,186
DA:19,186
DA:21,1
DA:22,6
DA:23,6
DA:24,6
DA:25,6
DA:26,6
DA:27,6
DA:28,6
DA:29,6
DA:31,6
LF:26
LH:26
BRDA:1,0,0,198
BRDA:10,1,0,186
BRDA:21,2,0,6
BRDA:25,3,0,1
BRDA:27,4,0,2
BRF:5
BRH:5
end_of_record
TN:
SF:src\components\ui\PostImage.jsx
FN:11,isValidUrl
FN:17,PostImage
FN:34,onError
FN:40,Avatar
FN:66,onError
FNF:5
FNH:5
FNDA:64,isValidUrl
FNDA:55,PostImage
FNDA:1,onError
FNDA:9,Avatar
FNDA:1,onError
DA:1,1
DA:4,1
DA:5,1
DA:9,1
DA:11,64
DA:12,64
DA:13,9
DA:14,64
DA:15,64
DA:17,1
DA:18,55
DA:19,55
DA:21,55
DA:22,51
DA:23,51
DA:24,51
DA:25,51
DA:27,51
DA:29,4
DA:30,4
DA:31,4
DA:32,4
DA:33,4
DA:34,4
DA:35,4
DA:36,4
DA:38,4
DA:40,1
DA:41,9
DA:42,9
DA:43,9
DA:45,9
DA:46,9
DA:47,9
DA:48,9
DA:49,9
DA:50,9
DA:51,9
DA:53,9
DA:54,7
DA:55,7
DA:56,7
DA:57,7
DA:59,7
DA:61,2
DA:62,2
DA:63,2
DA:64,2
DA:65,2
DA:66,2
DA:67,2
DA:68,2
DA:70,2
LF:53
LH:53
BRDA:11,0,0,64
BRDA:12,1,0,9
BRDA:12,2,0,55
BRDA:12,3,0,9
BRDA:14,4,0,8
BRDA:14,5,0,2
BRDA:17,6,0,55
BRDA:19,7,0,5
BRDA:19,8,0,50
BRDA:21,9,0,5
BRDA:21,10,0,51
BRDA:27,11,0,4
BRDA:34,12,0,1
BRDA:40,13,0,9
BRDA:42,14,0,3
BRDA:42,15,0,6
BRDA:43,16,0,8
BRDA:43,17,0,1
BRDA:51,18,0,1
BRDA:53,19,0,3
BRDA:53,20,0,7
BRDA:59,21,0,2
BRDA:66,22,0,1
BRF:23
BRH:23
end_of_record
TN:
SF:src\context\AuthContext.jsx
FN:6,AuthProvider
FN:101,useAuth
FNF:2
FNH:2
FNDA:183,AuthProvider
FNDA:746,useAuth
DA:1,1
DA:4,1
DA:6,1
DA:7,183
DA:8,157
DA:9,157
DA:10,157
DA:11,157
DA:12,0
DA:13,0
DA:14,183
DA:15,183
DA:18,183
DA:19,173
DA:20,111
DA:21,171
DA:22,62
DA:23,62
DA:24,183
DA:26,183
DA:27,3
DA:28,3
DA:29,3
DA:30,2
DA:31,2
DA:32,2
DA:33,2
DA:34,2
DA:35,3
DA:36,3
DA:37,3
DA:38,183
DA:40,183
DA:41,3
DA:42,3
DA:43,3
DA:44,2
DA:45,2
DA:46,2
DA:47,2
DA:48,2
DA:49,3
DA:50,3
DA:51,3
DA:52,183
DA:54,183
DA:55,2
DA:56,2
DA:57,2
DA:58,2
DA:59,183
DA:66,183
DA:67,3
DA:68,2
DA:69,2
DA:70,3
DA:71,2
DA:72,2
DA:73,3
DA:74,3
DA:75,3
DA:76,183
DA:82,183
DA:83,2
DA:84,2
DA:85,2
DA:86,2
DA:87,2
DA:88,0
DA:89,0
DA:90,0
DA:91,183
DA:93,183
DA:94,183
DA:95,183
DA:96,183
DA:98,183
DA:99,183
DA:101,1
DA:102,746
DA:103,746
DA:104,745
DA:105,745
LF:83
LH:78
BRDA:6,0,0,183
BRDA:7,1,0,157
BRDA:10,2,0,97
BRDA:10,3,0,60
BRDA:11,4,0,0
BRDA:18,5,0,173
BRDA:19,6,0,171
BRDA:19,7,0,111
BRDA:21,8,0,62
BRDA:26,9,0,3
BRDA:29,10,0,2
BRDA:40,11,0,3
BRDA:43,12,0,2
BRDA:54,13,0,2
BRDA:66,14,0,3
BRDA:67,15,0,2
BRDA:70,16,0,2
BRDA:82,17,0,2
BRDA:87,18,0,0
BRDA:94,19,0,181
BRDA:101,20,0,746
BRDA:103,21,0,0
BRDA:103,22,0,745
BRF:23
BRH:20
end_of_record
TN:
SF:src\context\NotificationContext.jsx
FN:7,NotificationProvider
FN:23,useNotifications
FNF:2
FNH:2
FNDA:232,NotificationProvider
FNDA:33,useNotifications
DA:1,1
DA:5,1
DA:7,1
DA:8,232
DA:9,232
DA:11,232
DA:12,161
DA:13,60
DA:14,60
DA:15,60
DA:16,101
DA:17,232
DA:19,232
DA:20,232
DA:21,232
DA:23,1
DA:24,33
DA:25,33
LF:18
LH:18
BRDA:7,0,0,232
BRDA:11,1,0,161
BRDA:12,2,0,159
BRDA:12,3,0,60
BRDA:15,4,0,101
BRDA:16,5,0,98
BRDA:16,6,0,2
BRDA:19,7,0,188
BRDA:23,8,0,33
BRF:9
BRH:9
end_of_record
TN:
SF:src\context\ThemeContext.jsx
FN:5,ThemeProvider
FN:33,useTheme
FNF:2
FNH:2
FNDA:173,ThemeProvider
FNDA:42,useTheme
DA:1,1
DA:3,1
DA:5,1
DA:6,173
DA:7,167
DA:8,167
DA:10,167
DA:11,157
DA:12,173
DA:14,173
DA:15,171
DA:16,171
DA:17,6
DA:18,166
DA:19,165
DA:20,165
DA:21,171
DA:22,173
DA:24,173
DA:25,4
DA:26,173
DA:28,173
DA:30,173
DA:31,173
DA:33,1
DA:34,42
DA:35,42
DA:36,37
DA:37,37
LF:29
LH:29
BRDA:5,0,0,173
BRDA:6,1,0,167
BRDA:8,2,0,165
BRDA:8,3,0,10
BRDA:8,4,0,157
BRDA:10,5,0,0
BRDA:10,6,0,0
BRDA:10,7,0,157
BRDA:14,8,0,171
BRDA:16,9,0,166
BRDA:16,10,0,6
BRDA:18,11,0,165
BRDA:24,12,0,4
BRDA:25,13,0,4
BRDA:25,14,0,1
BRDA:25,15,0,3
BRDA:28,16,0,171
BRDA:33,17,0,42
BRDA:35,18,0,4
BRDA:35,19,0,37
BRF:20
BRH:18
end_of_record
TN:
SF:src\pages\admin\AdminAuditPage.jsx
FN:6,AdminAuditPage
FNF:1
FNH:1
FNDA:6,AdminAuditPage
DA:1,1
DA:6,1
DA:7,6
DA:8,6
DA:10,6
DA:11,3
DA:12,3
DA:13,3
DA:14,3
DA:15,6
DA:17,6
DA:19,3
DA:20,3
DA:21,3
DA:22,3
DA:23,3
DA:24,3
DA:25,1
DA:26,1
DA:27,1
DA:28,1
DA:29,1
DA:30,1
DA:31,1
DA:32,1
DA:33,3
DA:34,6
DA:35,6
DA:36,6
DA:38,6
LF:30
LH:30
BRDA:6,0,0,6
BRDA:17,1,0,3
BRDA:34,2,0,2
BRDA:10,3,0,3
BRDA:12,4,0,2
BRDA:13,5,0,1
BRDA:14,6,0,3
BRDA:24,7,0,1
BRF:8
BRH:8
end_of_record
TN:
SF:src\pages\admin\AdminAuthorRequestsPage.jsx
FN:5,AdminAuthorRequestsPage
FN:12,fetchRequests
FN:25,handleAction
FN:39,statusIcon
FN:48,statusBadge
FN:88,onClick
FN:138,onChange
FN:143,onClick
FN:151,onClick
FNF:9
FNH:9
FNDA:27,AdminAuthorRequestsPage
FNDA:10,fetchRequests
FNDA:3,handleAction
FNDA:46,statusIcon
FNDA:46,statusBadge
FNDA:1,onClick
FNDA:1,onChange
FNDA:2,onClick
FNDA:1,onClick
DA:1,1
DA:5,1
DA:6,27
DA:7,27
DA:8,27
DA:9,27
DA:10,27
DA:12,27
DA:13,10
DA:14,10
DA:15,10
DA:16,10
DA:18,10
DA:19,10
DA:20,10
DA:21,10
DA:23,27
DA:25,27
DA:26,3
DA:27,3
DA:28,3
DA:29,3
DA:30,3
DA:31,2
DA:32,3
DA:33,1
DA:34,3
DA:35,3
DA:36,3
DA:37,3
DA:39,27
DA:40,46
DA:41,46
DA:42,46
DA:43,46
DA:44,46
DA:45,46
DA:46,46
DA:48,27
DA:49,46
DA:50,46
DA:51,46
DA:52,46
DA:53,46
DA:54,46
DA:55,46
DA:56,46
DA:58,27
DA:60,27
DA:61,27
DA:62,27
DA:63,27
DA:64,27
DA:65,27
DA:67,27
DA:68,8
DA:69,8
DA:70,8
DA:71,8
DA:73,8
DA:75,18
DA:76,18
DA:77,18
DA:78,18
DA:79,18
DA:80,18
DA:81,18
DA:82,18
DA:83,18
DA:86,18
DA:87,18
DA:88,72
DA:89,72
DA:90,72
DA:91,72
DA:92,72
DA:93,72
DA:94,72
DA:95,72
DA:96,72
DA:97,18
DA:98,18
DA:101,18
DA:102,18
DA:103,2
DA:104,2
DA:105,2
DA:106,2
DA:107,16
DA:108,46
DA:109,46
DA:110,46
DA:111,46
DA:112,46
DA:113,46
DA:114,46
DA:115,46
DA:116,46
DA:117,46
DA:118,46
DA:119,46
DA:120,46
DA:121,46
DA:122,46
DA:123,46
DA:124,46
DA:126,46
DA:127,15
DA:128,15
DA:129,15
DA:132,46
DA:133,16
DA:134,16
DA:135,16
DA:136,16
DA:137,16
DA:138,16
DA:139,16
DA:140,16
DA:141,16
DA:142,16
DA:143,16
DA:144,16
DA:145,16
DA:147,16
DA:149,16
DA:150,16
DA:151,16
DA:152,16
DA:153,16
DA:155,16
DA:157,16
DA:158,16
DA:159,16
DA:161,46
DA:162,46
DA:163,16
DA:164,27
DA:165,27
DA:167,27
LF:140
LH:140
BRDA:5,0,0,27
BRDA:58,1,0,25
BRDA:58,2,0,1
BRDA:67,3,0,8
BRDA:73,4,0,18
BRDA:102,5,0,2
BRDA:106,6,0,16
BRDA:12,7,0,10
BRDA:14,8,0,9
BRDA:15,9,0,0
BRDA:16,10,0,1
BRDA:23,11,0,8
BRDA:25,12,0,3
BRDA:29,13,0,2
BRDA:30,14,0,2
BRDA:32,15,0,1
BRDA:33,16,0,0
BRDA:39,17,0,46
BRDA:41,18,0,16
BRDA:42,19,0,15
BRDA:43,20,0,15
BRDA:44,21,0,0
BRDA:48,22,0,46
BRDA:51,23,0,16
BRDA:52,24,0,15
BRDA:53,25,0,15
BRDA:54,26,0,0
BRDA:58,27,0,3
BRDA:62,28,0,48
BRDA:63,29,0,48
BRDA:64,30,0,48
BRDA:87,31,0,72
BRDA:90,32,0,18
BRDA:90,33,0,54
BRDA:92,34,0,18
BRDA:92,35,0,54
BRDA:94,36,0,18
BRDA:94,37,0,54
BRDA:88,38,0,1
BRDA:107,39,0,46
BRDA:113,40,0,0
BRDA:126,41,0,15
BRDA:132,42,0,16
BRDA:137,43,0,12
BRDA:147,44,0,3
BRDA:147,45,0,13
BRDA:155,46,0,2
BRDA:155,47,0,14
BRDA:138,48,0,1
BRDA:143,49,0,2
BRDA:151,50,0,1
BRF:51
BRH:46
end_of_record
TN:
SF:src\pages\admin\AdminCategoriesPage.jsx
FN:5,AdminCategoriesPage
FN:12,load
FN:19,addCategory
FN:26,addTag
FN:33,deleteCategory
FN:43,deleteTag
FN:59,onChange
FN:60,onKeyDown
FN:72,onClick
FN:78,onClick
FN:86,onClick
FN:102,onChange
FN:103,onKeyDown
FN:115,onClick
FN:121,onClick
FN:129,onClick
FNF:16
FNH:14
FNDA:34,AdminCategoriesPage
FNDA:13,load
FNDA:2,addCategory
FNDA:1,addTag
FNDA:2,deleteCategory
FNDA:1,deleteTag
FNDA:1,onChange
FNDA:0,onKeyDown
FNDA:2,onClick
FNDA:1,onClick
FNDA:3,onClick
FNDA:1,onChange
FNDA:1,onKeyDown
FNDA:1,onClick
FNDA:0,onClick
FNDA:1,onClick
DA:1,1
DA:5,1
DA:6,34
DA:7,34
DA:8,34
DA:9,34
DA:10,34
DA:12,34
DA:13,13
DA:14,13
DA:15,13
DA:17,34
DA:19,34
DA:20,2
DA:21,1
DA:22,1
DA:23,1
DA:24,2
DA:26,34
DA:27,1
DA:28,1
DA:29,1
DA:30,1
DA:31,1
DA:33,34
DA:34,2
DA:35,2
DA:36,1
DA:37,1
DA:38,1
DA:39,1
DA:40,1
DA:41,2
DA:43,34
DA:44,1
DA:45,1
DA:46,1
DA:47,1
DA:48,1
DA:49,0
DA:50,0
DA:51,1
DA:53,34
DA:54,34
DA:56,34
DA:57,34
DA:58,34
DA:59,34
DA:60,34
DA:61,34
DA:62,34
DA:63,34
DA:64,34
DA:65,19
DA:66,19
DA:67,19
DA:68,19
DA:69,19
DA:70,3
DA:71,3
DA:72,3
DA:73,3
DA:74,3
DA:76,3
DA:77,3
DA:78,3
DA:79,3
DA:80,3
DA:82,3
DA:83,3
DA:85,16
DA:86,16
DA:87,16
DA:88,16
DA:90,16
DA:91,16
DA:93,19
DA:94,34
DA:95,34
DA:96,34
DA:99,34
DA:100,34
DA:101,34
DA:102,34
DA:103,34
DA:104,34
DA:105,34
DA:106,34
DA:107,34
DA:108,19
DA:109,19
DA:110,19
DA:111,19
DA:112,19
DA:113,1
DA:114,1
DA:115,1
DA:116,1
DA:117,1
DA:119,1
DA:120,1
DA:121,1
DA:122,1
DA:123,1
DA:125,1
DA:126,1
DA:128,18
DA:129,18
DA:130,18
DA:131,18
DA:133,18
DA:134,18
DA:136,19
DA:137,34
DA:138,34
DA:139,34
DA:142,34
DA:143,34
DA:144,34
DA:145,34
DA:146,34
DA:147,34
DA:148,34
DA:149,34
DA:150,34
DA:151,34
DA:153,34
LF:127
LH:125
BRDA:5,0,0,34
BRDA:12,1,0,13
BRDA:13,2,0,1
BRDA:14,3,0,1
BRDA:15,4,0,13
BRDA:17,5,0,9
BRDA:19,6,0,2
BRDA:20,7,0,1
BRDA:26,8,0,1
BRDA:27,9,0,0
BRDA:33,10,0,2
BRDA:35,11,0,1
BRDA:43,12,0,1
BRDA:48,13,0,0
BRDA:59,14,0,1
BRDA:64,15,0,19
BRDA:69,16,0,3
BRDA:83,17,0,16
BRDA:72,18,0,2
BRDA:78,19,0,1
BRDA:86,20,0,3
BRDA:102,21,0,1
BRDA:103,22,0,1
BRDA:107,23,0,19
BRDA:112,24,0,1
BRDA:126,25,0,18
BRDA:115,26,0,1
BRDA:129,27,0,1
BRF:28
BRH:26
end_of_record
TN:
SF:src\pages\admin\AdminCommentsPage.jsx
FN:6,AdminCommentsPage
FN:21,loadComments
FN:34,deleteComment
FN:59,onClick
FN:114,onClick
FNF:5
FNH:5
FNDA:31,AdminCommentsPage
FNDA:5,loadComments
FNDA:3,deleteComment
FNDA:5,onClick
FNDA:3,onClick
DA:1,1
DA:6,1
DA:7,31
DA:8,31
DA:9,31
DA:11,31
DA:12,31
DA:14,31
DA:15,8
DA:16,8
DA:17,8
DA:18,8
DA:19,31
DA:21,31
DA:22,5
DA:23,5
DA:24,5
DA:25,5
DA:26,5
DA:27,5
DA:28,0
DA:29,5
DA:30,5
DA:31,5
DA:32,5
DA:34,31
DA:35,3
DA:36,2
DA:37,2
DA:38,1
DA:39,1
DA:40,1
DA:41,1
DA:42,3
DA:44,31
DA:46,19
DA:47,19
DA:48,19
DA:49,19
DA:51,19
DA:53,19
DA:54,19
DA:55,19
DA:56,19
DA:57,18
DA:58,18
DA:59,18
DA:60,18
DA:61,18
DA:62,11
DA:63,7
DA:64,18
DA:66,18
DA:67,18
DA:68,18
DA:69,18
DA:70,18
DA:71,18
DA:72,18
DA:73,18
DA:74,19
DA:75,31
DA:76,31
DA:77,31
DA:80,31
DA:81,31
DA:82,8
DA:83,8
DA:84,8
DA:85,8
DA:86,11
DA:87,5
DA:88,5
DA:89,5
DA:91,6
DA:92,6
DA:93,6
DA:94,6
DA:95,6
DA:97,6
DA:98,6
DA:99,4
DA:100,4
DA:101,4
DA:102,4
DA:103,4
DA:104,4
DA:105,4
DA:106,4
DA:107,4
DA:108,4
DA:109,4
DA:110,4
DA:111,4
DA:112,4
DA:113,4
DA:114,4
DA:115,4
DA:116,4
DA:118,4
DA:119,4
DA:120,4
DA:121,4
DA:122,4
DA:123,0
DA:124,0
DA:125,0
DA:127,4
DA:129,4
DA:131,2
DA:133,6
DA:134,6
DA:136,31
DA:137,31
DA:138,31
DA:140,31
LF:116
LH:112
BRDA:6,0,0,31
BRDA:44,1,0,12
BRDA:44,2,0,19
BRDA:75,3,0,1
BRDA:81,4,0,8
BRDA:85,5,0,11
BRDA:86,6,0,5
BRDA:89,7,0,6
BRDA:98,8,0,4
BRDA:129,9,0,2
BRDA:14,10,0,8
BRDA:16,11,0,8
BRDA:16,12,0,0
BRDA:18,13,0,8
BRDA:21,14,0,5
BRDA:26,15,0,0
BRDA:27,16,0,0
BRDA:34,17,0,3
BRDA:35,18,0,1
BRDA:35,19,0,2
BRDA:37,20,0,1
BRDA:38,21,0,1
BRDA:38,22,0,0
BRDA:56,23,0,18
BRDA:61,24,0,11
BRDA:61,25,0,11
BRDA:62,26,0,7
BRDA:68,27,0,11
BRDA:68,28,0,11
BRDA:68,29,0,7
BRDA:59,30,0,5
BRDA:98,31,0,5
BRDA:99,32,0,4
BRDA:100,33,0,0
BRDA:106,34,0,0
BRDA:122,35,0,0
BRDA:114,36,0,3
BRF:37
BRH:30
end_of_record
TN:
SF:src\pages\admin\AdminFeedbackPage.jsx
FN:5,AdminFeedbackPage
FN:13,fetchReports
FN:26,handleStatusChange
FN:38,handleReply
FN:53,statusIcon
FN:62,statusBadge
FN:102,onClick
FN:127,onClick
FN:184,onClick
FN:200,onChange
FN:201,onKeyDown
FN:205,onClick
FNF:12
FNH:11
FNDA:31,AdminFeedbackPage
FNDA:9,fetchReports
FNDA:1,handleStatusChange
FNDA:2,handleReply
FNDA:43,statusIcon
FNDA:43,statusBadge
FNDA:1,onClick
FNDA:4,onClick
FNDA:1,onClick
FNDA:2,onChange
FNDA:0,onKeyDown
FNDA:2,onClick
DA:1,1
DA:5,1
DA:6,31
DA:7,31
DA:8,31
DA:9,31
DA:10,31
DA:11,31
DA:13,31
DA:14,9
DA:15,9
DA:16,9
DA:17,9
DA:19,9
DA:20,9
DA:21,9
DA:22,9
DA:24,31
DA:26,31
DA:27,1
DA:28,1
DA:29,1
DA:30,1
DA:31,1
DA:32,0
DA:33,1
DA:34,1
DA:35,1
DA:36,1
DA:38,31
DA:39,2
DA:40,2
DA:41,2
DA:42,2
DA:43,2
DA:44,1
DA:45,1
DA:46,1
DA:47,1
DA:48,2
DA:49,2
DA:50,2
DA:51,2
DA:53,31
DA:54,43
DA:55,43
DA:56,43
DA:57,43
DA:58,43
DA:59,43
DA:60,43
DA:62,31
DA:63,43
DA:64,43
DA:65,43
DA:66,43
DA:67,43
DA:68,43
DA:69,43
DA:70,43
DA:72,31
DA:74,31
DA:75,31
DA:76,31
DA:77,31
DA:78,31
DA:79,31
DA:81,31
DA:82,7
DA:83,7
DA:84,7
DA:85,7
DA:87,7
DA:89,23
DA:90,23
DA:91,23
DA:92,23
DA:93,23
DA:94,23
DA:95,23
DA:96,23
DA:97,23
DA:100,23
DA:101,23
DA:102,92
DA:103,92
DA:104,92
DA:105,92
DA:106,92
DA:107,92
DA:108,92
DA:109,92
DA:110,92
DA:111,23
DA:112,23
DA:115,23
DA:116,23
DA:117,1
DA:118,1
DA:119,1
DA:120,1
DA:121,22
DA:122,43
DA:123,43
DA:124,43
DA:126,43
DA:127,43
DA:128,43
DA:130,43
DA:131,43
DA:132,43
DA:133,43
DA:134,43
DA:135,43
DA:136,43
DA:137,43
DA:138,43
DA:139,43
DA:140,43
DA:141,43
DA:142,43
DA:143,43
DA:144,43
DA:145,43
DA:146,43
DA:147,43
DA:150,43
DA:151,15
DA:153,15
DA:154,15
DA:155,15
DA:156,15
DA:160,15
DA:161,15
DA:162,15
DA:163,15
DA:164,15
DA:165,0
DA:166,15
DA:167,15
DA:168,15
DA:169,15
DA:170,15
DA:171,15
DA:172,15
DA:173,15
DA:174,15
DA:177,15
DA:179,15
DA:180,15
DA:181,15
DA:182,30
DA:183,30
DA:184,30
DA:185,30
DA:186,30
DA:188,30
DA:189,30
DA:190,30
DA:191,15
DA:192,15
DA:195,15
DA:196,15
DA:197,15
DA:198,15
DA:199,15
DA:200,15
DA:201,15
DA:202,15
DA:203,15
DA:204,15
DA:205,15
DA:206,15
DA:207,15
DA:209,15
DA:211,15
DA:212,15
DA:213,15
DA:214,15
DA:216,43
DA:218,22
DA:219,31
DA:220,31
DA:222,31
LF:184
LH:182
BRDA:5,0,0,31
BRDA:72,1,0,29
BRDA:72,2,0,1
BRDA:81,3,0,7
BRDA:87,4,0,23
BRDA:116,5,0,1
BRDA:120,6,0,22
BRDA:13,7,0,9
BRDA:15,8,0,8
BRDA:16,9,0,0
BRDA:17,10,0,1
BRDA:24,11,0,7
BRDA:26,12,0,1
BRDA:31,13,0,0
BRDA:38,14,0,2
BRDA:40,15,0,0
BRDA:43,16,0,1
BRDA:47,17,0,0
BRDA:53,18,0,43
BRDA:55,19,0,22
BRDA:56,20,0,0
BRDA:57,21,0,21
BRDA:58,22,0,0
BRDA:62,23,0,43
BRDA:65,24,0,22
BRDA:66,25,0,0
BRDA:67,26,0,21
BRDA:68,27,0,0
BRDA:72,28,0,2
BRDA:76,29,0,44
BRDA:77,30,0,44
BRDA:78,31,0,44
BRDA:101,32,0,92
BRDA:104,33,0,23
BRDA:104,34,0,69
BRDA:106,35,0,23
BRDA:106,36,0,69
BRDA:108,37,0,23
BRDA:108,38,0,69
BRDA:102,39,0,1
BRDA:106,40,0,92
BRDA:121,41,0,43
BRDA:132,42,0,0
BRDA:137,43,0,0
BRDA:145,44,0,15
BRDA:145,45,0,28
BRDA:150,46,0,15
BRDA:199,47,0,10
BRDA:206,48,0,8
BRDA:206,49,0,5
BRDA:209,50,0,4
BRDA:209,51,0,11
BRDA:127,52,0,4
BRDA:127,53,0,0
BRDA:161,54,0,15
BRDA:162,55,0,0
BRDA:164,56,0,0
BRDA:181,57,0,45
BRDA:181,58,0,30
BRDA:188,59,0,4
BRDA:188,60,0,26
BRDA:184,61,0,1
BRDA:200,62,0,2
BRDA:205,63,0,2
BRF:64
BRH:51
end_of_record
TN:
SF:src\pages\admin\AdminNewsletterPage.jsx
FN:5,AdminNewsletterPage
FN:18,sendCampaign
FN:33,unsubscribeUser
FN:50,onChange
FN:51,onChange
FN:67,onClick
FNF:6
FNH:6
FNDA:25,AdminNewsletterPage
FNDA:3,sendCampaign
FNDA:3,unsubscribeUser
FNDA:2,onChange
FNDA:2,onChange
FNDA:3,onClick
DA:1,1
DA:5,1
DA:6,25
DA:7,25
DA:8,25
DA:9,25
DA:10,25
DA:12,25
DA:13,9
DA:14,9
DA:15,9
DA:16,25
DA:18,25
DA:19,3
DA:20,2
DA:21,2
DA:22,2
DA:23,1
DA:24,1
DA:25,3
DA:26,3
DA:27,1
DA:28,3
DA:29,2
DA:30,2
DA:31,3
DA:33,25
DA:34,3
DA:35,2
DA:36,2
DA:37,1
DA:38,1
DA:39,1
DA:40,1
DA:41,3
DA:43,25
DA:44,25
DA:45,25
DA:46,25
DA:48,25
DA:49,25
DA:50,25
DA:51,25
DA:52,25
DA:53,25
DA:54,25
DA:55,25
DA:56,25
DA:58,25
DA:59,25
DA:60,25
DA:61,4
DA:62,4
DA:63,4
DA:64,4
DA:65,4
DA:66,4
DA:67,4
DA:68,4
DA:69,4
DA:71,4
DA:72,4
DA:73,4
DA:74,4
DA:75,25
DA:76,25
DA:77,25
DA:78,25
DA:79,25
DA:81,25
LF:70
LH:70
BRDA:5,0,0,25
BRDA:46,1,0,20
BRDA:46,2,0,4
BRDA:53,3,0,2
BRDA:53,4,0,22
BRDA:55,5,0,2
BRDA:76,6,0,20
BRDA:12,7,0,9
BRDA:14,8,0,9
BRDA:14,9,0,5
BRDA:18,10,0,3
BRDA:19,11,0,2
BRDA:19,12,0,1
BRDA:19,13,0,2
BRDA:22,14,0,1
BRDA:25,15,0,0
BRDA:26,16,0,1
BRDA:27,17,0,0
BRDA:28,18,0,2
BRDA:33,19,0,3
BRDA:34,20,0,1
BRDA:34,21,0,2
BRDA:36,22,0,1
BRDA:37,23,0,1
BRDA:50,24,0,2
BRDA:51,25,0,2
BRDA:60,26,0,4
BRDA:67,27,0,3
BRF:28
BRH:26
end_of_record
TN:
SF:src\pages\admin\AdminNotificationsPage.jsx
FN:5,AdminNotificationsPage
FN:11,send
FN:32,onChange
FN:33,onChange
FNF:4
FNH:4
FNDA:12,AdminNotificationsPage
FNDA:3,send
FNDA:2,onChange
FNDA:2,onChange
DA:1,1
DA:5,1
DA:6,12
DA:7,12
DA:8,12
DA:9,12
DA:11,12
DA:12,3
DA:13,2
DA:14,2
DA:15,2
DA:16,1
DA:17,1
DA:18,1
DA:19,1
DA:20,1
DA:21,3
DA:22,2
DA:23,2
DA:24,3
DA:26,12
DA:27,12
DA:28,12
DA:29,12
DA:31,12
DA:32,12
DA:33,12
DA:34,12
DA:35,12
DA:36,12
DA:37,12
DA:38,12
DA:39,12
DA:41,12
LF:34
LH:34
BRDA:5,0,0,12
BRDA:35,1,0,2
BRDA:35,2,0,10
BRDA:37,3,0,2
BRDA:11,4,0,3
BRDA:12,5,0,2
BRDA:12,6,0,1
BRDA:12,7,0,2
BRDA:15,8,0,1
BRDA:21,9,0,2
BRDA:32,10,0,2
BRDA:33,11,0,2
BRF:12
BRH:12
end_of_record
TN:
SF:src\pages\admin\AdminOverviewPage.jsx
FN:5,AdminOverviewPage
FNF:1
FNH:1
FNDA:7,AdminOverviewPage
DA:1,1
DA:5,1
DA:6,7
DA:8,7
DA:9,4
DA:10,4
DA:11,4
DA:12,4
DA:13,4
DA:14,4
DA:15,4
DA:16,4
DA:17,4
DA:18,4
DA:19,4
DA:20,4
DA:21,4
DA:22,4
DA:23,7
DA:25,7
DA:26,7
DA:27,7
DA:28,7
DA:29,7
DA:30,7
DA:31,7
DA:32,7
DA:34,7
DA:35,7
DA:36,7
DA:37,7
DA:38,7
DA:39,7
DA:40,7
DA:41,36
DA:42,36
DA:43,36
DA:44,36
DA:45,36
DA:46,7
DA:47,7
DA:48,7
DA:50,7
LF:43
LH:43
BRDA:5,0,0,7
BRDA:8,1,0,4
BRDA:10,2,0,1
BRDA:11,3,0,1
BRDA:12,4,0,1
BRDA:13,5,0,1
BRDA:14,6,0,1
BRDA:15,7,0,4
BRDA:20,8,0,1
BRDA:21,9,0,1
BRDA:19,10,0,6
BRDA:40,11,0,36
BRF:12
BRH:12
end_of_record
TN:
SF:src\pages\admin\AdminPostsPage.jsx
FN:6,AdminPostsPage
FN:12,load
FN:19,toggleFeature
FN:24,confirmDelete
FN:102,onClick
FN:117,onClick
FN:151,onClick
FN:160,onClick
FNF:8
FNH:7
FNDA:35,AdminPostsPage
FNDA:11,load
FNDA:2,toggleFeature
FNDA:2,confirmDelete
FNDA:2,onClick
FNDA:4,onClick
FNDA:0,onClick
FNDA:1,onClick
DA:1,1
DA:6,1
DA:7,35
DA:8,35
DA:9,35
DA:10,35
DA:12,35
DA:13,11
DA:15,35
DA:16,9
DA:17,35
DA:19,35
DA:20,2
DA:21,2
DA:22,2
DA:24,35
DA:25,2
DA:26,2
DA:27,2
DA:28,2
DA:29,1
DA:30,1
DA:31,1
DA:32,2
DA:33,2
DA:34,2
DA:35,2
DA:36,2
DA:38,35
DA:40,20
DA:41,20
DA:42,20
DA:43,20
DA:44,35
DA:45,35
DA:47,35
DA:48,35
DA:49,17
DA:50,17
DA:51,17
DA:53,17
DA:54,17
DA:55,17
DA:56,17
DA:57,17
DA:58,17
DA:59,0
DA:60,0
DA:61,0
DA:62,17
DA:64,17
DA:65,17
DA:66,17
DA:67,17
DA:69,17
DA:71,17
DA:72,2
DA:74,2
DA:76,17
DA:77,17
DA:78,17
DA:79,17
DA:80,17
DA:81,17
DA:82,17
DA:84,17
DA:85,17
DA:86,17
DA:87,17
DA:89,17
DA:90,17
DA:91,17
DA:92,17
DA:94,17
DA:95,17
DA:97,17
DA:98,17
DA:100,17
DA:101,17
DA:102,17
DA:103,17
DA:104,17
DA:106,17
DA:107,2
DA:108,2
DA:109,2
DA:111,15
DA:112,15
DA:113,15
DA:115,17
DA:116,17
DA:117,17
DA:118,17
DA:119,17
DA:121,17
DA:122,17
DA:123,17
DA:124,17
DA:125,35
DA:126,35
DA:127,3
DA:129,35
DA:132,35
DA:133,6
DA:134,6
DA:135,6
DA:136,6
DA:137,6
DA:138,6
DA:139,6
DA:140,6
DA:141,6
DA:142,6
DA:143,6
DA:144,6
DA:145,6
DA:148,6
DA:149,6
DA:150,6
DA:151,6
DA:152,6
DA:154,6
DA:155,6
DA:156,6
DA:158,6
DA:159,6
DA:160,6
DA:161,6
DA:162,6
DA:163,6
DA:165,6
DA:166,6
DA:167,6
DA:168,6
DA:169,6
DA:171,6
DA:172,2
DA:174,4
DA:175,4
DA:176,4
DA:178,6
DA:179,6
DA:180,6
DA:181,6
DA:183,35
DA:185,35
LF:146
LH:143
BRDA:6,0,0,35
BRDA:38,1,0,14
BRDA:38,2,0,20
BRDA:44,3,0,3
BRDA:44,4,0,17
BRDA:126,5,0,3
BRDA:132,6,0,6
BRDA:171,7,0,2
BRDA:172,8,0,4
BRDA:12,9,0,11
BRDA:13,10,0,11
BRDA:15,11,0,9
BRDA:16,12,0,9
BRDA:19,13,0,2
BRDA:24,14,0,2
BRDA:25,15,0,0
BRDA:28,16,0,1
BRDA:29,17,0,1
BRDA:29,18,0,1
BRDA:48,19,0,17
BRDA:58,20,0,0
BRDA:71,21,0,2
BRDA:103,22,0,2
BRDA:103,23,0,15
BRDA:104,24,0,2
BRDA:104,25,0,15
BRDA:106,26,0,2
BRDA:109,27,0,15
BRDA:102,28,0,2
BRDA:117,29,0,4
BRDA:160,30,0,1
BRF:31
BRH:29
end_of_record
TN:
SF:src\pages\admin\AdminUsersPage.jsx
FN:6,AdminUsersPage
FN:11,load
FN:16,promote
FN:21,suspend
FN:26,reactivate
FN:31,deleteUser
FN:61,onChange
FN:137,onClick
FN:140,onClick
FN:145,onClick
FN:149,onClick
FN:154,onClick
FNF:12
FNH:12
FNDA:42,AdminUsersPage
FNDA:18,load
FNDA:3,promote
FNDA:1,suspend
FNDA:1,reactivate
FNDA:2,deleteUser
FNDA:2,onChange
FNDA:2,onClick
FNDA:1,onClick
FNDA:1,onClick
FNDA:1,onClick
FNDA:2,onClick
DA:1,1
DA:6,1
DA:7,42
DA:8,42
DA:9,42
DA:11,42
DA:12,18
DA:14,42
DA:16,42
DA:17,3
DA:18,3
DA:19,3
DA:21,42
DA:22,1
DA:23,1
DA:24,1
DA:26,42
DA:27,1
DA:28,1
DA:29,1
DA:31,42
DA:32,2
DA:33,1
DA:34,1
DA:35,2
DA:37,42
DA:39,20
DA:40,20
DA:41,76
DA:42,7
DA:43,7
DA:44,20
DA:46,20
DA:47,20
DA:49,20
DA:50,20
DA:51,20
DA:52,20
DA:53,20
DA:54,20
DA:57,20
DA:58,20
DA:59,20
DA:60,20
DA:61,20
DA:62,20
DA:63,20
DA:64,20
DA:65,20
DA:68,20
DA:69,20
DA:70,20
DA:71,20
DA:72,20
DA:73,20
DA:74,20
DA:75,80
DA:76,80
DA:77,80
DA:78,80
DA:79,20
DA:80,20
DA:83,20
DA:84,20
DA:85,20
DA:86,20
DA:87,20
DA:88,20
DA:89,20
DA:90,20
DA:91,20
DA:92,20
DA:93,20
DA:94,20
DA:95,20
DA:96,69
DA:97,69
DA:98,69
DA:99,69
DA:100,69
DA:101,69
DA:102,69
DA:103,69
DA:104,69
DA:105,69
DA:106,17
DA:107,17
DA:108,17
DA:110,69
DA:111,69
DA:112,69
DA:113,69
DA:114,69
DA:115,69
DA:116,69
DA:117,69
DA:118,69
DA:119,69
DA:120,69
DA:121,69
DA:122,69
DA:123,69
DA:124,52
DA:125,52
DA:126,52
DA:128,17
DA:129,17
DA:130,17
DA:132,69
DA:133,69
DA:134,69
DA:135,69
DA:136,51
DA:137,51
DA:138,51
DA:139,51
DA:140,51
DA:141,51
DA:142,51
DA:144,51
DA:145,34
DA:146,34
DA:147,34
DA:149,17
DA:150,17
DA:151,17
DA:154,51
DA:155,51
DA:156,51
DA:157,51
DA:159,69
DA:160,69
DA:161,69
DA:162,20
DA:163,20
DA:164,2
DA:165,2
DA:167,2
DA:168,2
DA:170,42
DA:171,42
DA:172,42
DA:173,42
DA:174,42
DA:176,42
LF:145
LH:145
BRDA:6,0,0,42
BRDA:37,1,0,21
BRDA:37,2,0,20
BRDA:163,3,0,2
BRDA:11,4,0,18
BRDA:12,5,0,17
BRDA:12,6,0,1
BRDA:14,7,0,12
BRDA:14,8,0,12
BRDA:16,9,0,3
BRDA:21,10,0,1
BRDA:26,11,0,1
BRDA:31,12,0,2
BRDA:32,13,0,1
BRDA:40,14,0,76
BRDA:41,15,0,7
BRDA:42,16,0,7
BRDA:46,17,0,76
BRDA:47,18,0,76
BRDA:61,19,0,2
BRDA:71,20,0,76
BRDA:72,21,0,76
BRDA:73,22,0,76
BRDA:74,23,0,80
BRDA:95,24,0,69
BRDA:96,25,0,17
BRDA:96,26,0,52
BRDA:100,27,0,0
BRDA:105,28,0,17
BRDA:105,29,0,17
BRDA:123,30,0,52
BRDA:126,31,0,17
BRDA:135,32,0,51
BRDA:137,33,0,17
BRDA:137,34,0,34
BRDA:144,35,0,34
BRDA:147,36,0,17
BRDA:137,37,0,2
BRDA:137,38,0,1
BRDA:137,39,0,1
BRDA:140,40,0,1
BRDA:145,41,0,1
BRDA:149,42,0,1
BRDA:154,43,0,2
BRF:44
BRH:43
end_of_record
TN:
SF:src\pages\author\AuthorAnalyticsPage.jsx
FN:6,AuthorAnalyticsPage
FNF:1
FNH:1
FNDA:8,AuthorAnalyticsPage
DA:1,1
DA:6,1
DA:7,8
DA:8,8
DA:10,8
DA:11,4
DA:12,4
DA:13,4
DA:14,4
DA:15,8
DA:17,8
DA:19,4
DA:20,4
DA:21,4
DA:22,4
DA:24,4
DA:25,4
DA:26,4
DA:27,4
DA:28,4
DA:29,4
DA:32,4
DA:34,4
DA:35,4
DA:36,4
DA:37,4
DA:38,4
DA:41,4
DA:42,4
DA:43,16
DA:44,16
DA:45,16
DA:46,16
DA:47,16
DA:48,4
DA:49,4
DA:52,4
DA:53,4
DA:54,4
DA:55,2
DA:56,2
DA:57,2
DA:58,2
DA:59,2
DA:60,2
DA:61,2
DA:62,2
DA:63,2
DA:64,2
DA:65,2
DA:66,2
DA:67,2
DA:68,4
DA:69,4
DA:70,4
DA:71,4
DA:72,4
DA:73,2
DA:74,4
DA:75,4
DA:76,4
DA:77,4
DA:78,4
DA:79,4
DA:80,2
DA:81,2
DA:82,2
DA:83,2
DA:85,2
DA:86,2
DA:87,2
DA:88,2
DA:89,2
DA:90,2
DA:91,2
DA:93,8
DA:94,8
DA:96,8
LF:78
LH:78
BRDA:6,0,0,8
BRDA:17,1,0,4
BRDA:54,2,0,2
BRDA:83,3,0,2
BRDA:10,4,0,4
BRDA:12,5,0,3
BRDA:12,6,0,0
BRDA:13,7,0,1
BRDA:14,8,0,4
BRDA:19,9,0,4
BRDA:19,10,0,0
BRDA:20,11,0,4
BRDA:20,12,0,2
BRDA:21,13,0,4
BRDA:22,14,0,4
BRDA:32,15,0,2
BRDA:32,16,0,0
BRDA:32,17,0,0
BRDA:42,18,0,16
BRDA:67,19,0,4
BRDA:72,20,0,2
BRDA:72,21,0,2
BRDA:76,22,0,0
BRDA:77,23,0,2
BRF:24
BRH:19
end_of_record
TN:
SF:src\pages\author\AuthorCommentsPage.jsx
FN:6,AuthorCommentsPage
FN:22,togglePost
FN:38,refreshComments
FN:45,moderate
FN:54,submitReply
FN:94,onClick
FN:149,onClick
FN:156,onClick
FN:164,onClick
FN:179,onChange
FN:182,onKeyDown
FN:186,onClick
FNF:12
FNH:11
FNDA:42,AuthorCommentsPage
FNDA:6,togglePost
FNDA:3,refreshComments
FNDA:2,moderate
FNDA:1,submitReply
FNDA:6,onClick
FNDA:1,onClick
FNDA:1,onClick
FNDA:1,onClick
FNDA:1,onChange
FNDA:0,onKeyDown
FNDA:1,onClick
DA:1,1
DA:6,1
DA:7,42
DA:8,42
DA:9,42
DA:10,42
DA:11,42
DA:12,42
DA:13,42
DA:15,42
DA:16,8
DA:17,8
DA:18,8
DA:19,8
DA:20,42
DA:22,42
DA:23,6
DA:24,0
DA:25,0
DA:26,0
DA:27,6
DA:28,6
DA:29,6
DA:30,6
DA:31,5
DA:32,6
DA:33,1
DA:34,1
DA:35,6
DA:36,6
DA:38,42
DA:39,3
DA:40,3
DA:41,3
DA:42,3
DA:43,3
DA:45,42
DA:46,2
DA:47,2
DA:48,2
DA:49,2
DA:51,0
DA:52,2
DA:54,42
DA:55,1
DA:56,1
DA:57,1
DA:58,1
DA:59,1
DA:60,1
DA:61,1
DA:62,1
DA:64,1
DA:65,1
DA:66,1
DA:67,1
DA:69,42
DA:71,27
DA:72,27
DA:73,27
DA:74,27
DA:75,27
DA:77,27
DA:79,27
DA:80,27
DA:81,25
DA:82,25
DA:83,25
DA:84,25
DA:85,25
DA:86,25
DA:87,1
DA:88,1
DA:89,25
DA:91,25
DA:92,25
DA:93,25
DA:94,25
DA:95,25
DA:97,25
DA:98,25
DA:99,25
DA:100,25
DA:101,25
DA:102,25
DA:103,25
DA:104,0
DA:105,25
DA:106,25
DA:107,25
DA:108,25
DA:109,25
DA:110,25
DA:111,25
DA:113,25
DA:114,19
DA:115,19
DA:116,12
DA:117,12
DA:118,12
DA:120,12
DA:121,12
DA:122,12
DA:123,12
DA:124,12
DA:125,0
DA:126,12
DA:127,12
DA:128,12
DA:129,12
DA:130,12
DA:131,12
DA:132,0
DA:133,0
DA:134,0
DA:136,12
DA:137,12
DA:138,12
DA:139,12
DA:140,12
DA:141,12
DA:142,12
DA:143,12
DA:144,0
DA:146,12
DA:147,12
DA:148,12
DA:149,12
DA:150,12
DA:151,12
DA:153,12
DA:154,12
DA:155,12
DA:156,12
DA:157,12
DA:158,12
DA:160,12
DA:161,12
DA:162,12
DA:163,12
DA:164,12
DA:165,12
DA:166,12
DA:168,12
DA:169,12
DA:171,12
DA:172,12
DA:175,12
DA:176,4
DA:177,4
DA:178,4
DA:179,4
DA:180,4
DA:181,4
DA:182,4
DA:183,4
DA:184,4
DA:185,4
DA:186,4
DA:187,4
DA:188,4
DA:190,4
DA:191,4
DA:192,4
DA:196,12
DA:197,1
DA:198,1
DA:199,1
DA:200,1
DA:201,1
DA:202,1
DA:203,1
DA:204,1
DA:205,1
DA:206,1
DA:208,1
DA:209,1
DA:210,1
DA:211,1
DA:212,0
DA:214,1
DA:215,1
DA:216,1
DA:217,1
DA:219,12
DA:220,12
DA:221,12
DA:223,7
DA:225,19
DA:227,25
DA:229,27
DA:230,42
DA:231,42
DA:232,42
DA:234,42
LF:195
LH:184
BRDA:6,0,0,42
BRDA:69,1,0,14
BRDA:69,2,0,27
BRDA:230,3,0,2
BRDA:15,4,0,8
BRDA:17,5,0,7
BRDA:17,6,0,0
BRDA:18,7,0,1
BRDA:19,8,0,8
BRDA:22,9,0,6
BRDA:23,10,0,0
BRDA:30,11,0,5
BRDA:32,12,0,1
BRDA:31,13,0,5
BRDA:31,14,0,0
BRDA:33,15,0,1
BRDA:38,16,0,3
BRDA:42,17,0,0
BRDA:41,18,0,3
BRDA:41,19,0,0
BRDA:45,20,0,2
BRDA:49,21,0,0
BRDA:54,22,0,1
BRDA:55,23,0,0
BRDA:62,24,0,0
BRDA:80,25,0,25
BRDA:82,26,0,12
BRDA:103,27,0,0
BRDA:110,28,0,19
BRDA:110,29,0,6
BRDA:113,30,0,19
BRDA:115,31,0,12
BRDA:221,32,0,7
BRDA:83,33,0,13
BRDA:84,34,0,13
BRDA:86,35,0,1
BRDA:94,36,0,6
BRDA:117,37,0,12
BRDA:124,38,0,0
BRDA:128,39,0,0
BRDA:130,40,0,0
BRDA:131,41,0,0
BRDA:137,42,0,0
BRDA:138,43,0,0
BRDA:143,44,0,0
BRDA:175,45,0,4
BRDA:187,46,0,2
BRDA:196,47,0,1
BRDA:196,48,0,1
BRDA:149,49,0,1
BRDA:156,50,0,1
BRDA:164,51,0,1
BRDA:164,52,0,0
BRDA:179,53,0,1
BRDA:186,54,0,1
BRDA:198,55,0,1
BRDA:211,56,0,0
BRF:57
BRH:39
end_of_record
TN:
SF:src\pages\author\AuthorEditorPage.jsx
FN:8,AuthorEditorPage
FN:49,submit
FN:67,set
FN:87,onChange
FN:89,onChange
FN:91,onChange
FN:95,onChange
FN:97,onChange
FN:99,onChange
FN:105,onChange
FN:113,onChange
FN:118,onChange
FN:124,onChange
FNF:13
FNH:13
FNDA:49,AuthorEditorPage
FNDA:5,submit
FNDA:16,set
FNDA:5,onChange
FNDA:1,onChange
FNDA:1,onChange
FNDA:2,onChange
FNDA:2,onChange
FNDA:1,onChange
FNDA:1,onChange
FNDA:1,onChange
FNDA:1,onChange
FNDA:1,onChange
DA:1,1
DA:8,1
DA:9,49
DA:10,49
DA:11,49
DA:12,49
DA:14,49
DA:15,49
DA:16,49
DA:17,49
DA:18,49
DA:19,49
DA:20,49
DA:21,49
DA:24,49
DA:25,9
DA:26,4
DA:27,4
DA:28,4
DA:29,3
DA:30,3
DA:31,3
DA:32,3
DA:33,3
DA:34,3
DA:35,3
DA:36,3
DA:37,3
DA:38,4
DA:39,4
DA:40,4
DA:41,9
DA:43,5
DA:44,5
DA:45,5
DA:46,5
DA:47,49
DA:49,49
DA:50,5
DA:51,5
DA:52,5
DA:53,5
DA:54,5
DA:56,5
DA:57,1
DA:58,5
DA:59,4
DA:60,2
DA:61,3
DA:62,5
DA:63,2
DA:64,5
DA:65,5
DA:67,49
DA:69,49
DA:70,8
DA:71,8
DA:73,41
DA:74,41
DA:75,41
DA:76,41
DA:77,41
DA:78,49
DA:79,49
DA:80,49
DA:81,49
DA:82,49
DA:83,49
DA:85,49
DA:87,49
DA:88,49
DA:89,49
DA:90,49
DA:91,49
DA:92,49
DA:94,49
DA:95,49
DA:96,49
DA:97,49
DA:98,49
DA:99,49
DA:100,49
DA:101,49
DA:102,49
DA:103,49
DA:104,49
DA:105,49
DA:106,49
DA:107,49
DA:108,49
DA:109,49
DA:111,49
DA:112,49
DA:113,49
DA:114,49
DA:116,49
DA:117,49
DA:118,49
DA:119,49
DA:121,49
DA:122,49
DA:124,49
DA:125,49
DA:127,49
LF:104
LH:104
BRDA:8,0,0,49
BRDA:69,1,0,8
BRDA:71,2,0,41
BRDA:78,3,0,10
BRDA:78,4,0,31
BRDA:81,5,0,5
BRDA:81,6,0,36
BRDA:85,7,0,4
BRDA:24,8,0,9
BRDA:25,9,0,4
BRDA:41,10,0,5
BRDA:28,11,0,3
BRDA:31,12,0,1
BRDA:31,13,0,1
BRDA:31,14,0,1
BRDA:32,15,0,1
BRDA:33,16,0,2
BRDA:33,17,0,1
BRDA:33,18,0,0
BRDA:34,19,0,1
BRDA:35,20,0,1
BRDA:36,21,0,2
BRDA:36,22,0,1
BRDA:39,23,0,1
BRDA:40,24,0,4
BRDA:49,25,0,5
BRDA:56,26,0,1
BRDA:58,27,0,4
BRDA:59,28,0,2
BRDA:60,29,0,3
BRDA:62,30,0,2
BRDA:63,31,0,1
BRDA:63,32,0,1
BRDA:53,33,0,9
BRDA:67,34,0,16
BRDA:67,35,0,16
BRDA:87,36,0,5
BRDA:89,37,0,1
BRDA:91,38,0,1
BRDA:95,39,0,2
BRDA:97,40,0,2
BRDA:99,41,0,1
BRDA:105,42,0,1
BRDA:113,43,0,1
BRDA:118,44,0,1
BRDA:124,45,0,1
BRF:46
BRH:45
end_of_record
TN:
SF:src\pages\author\AuthorFollowersPage.jsx
FN:6,AuthorFollowersPage
FNF:1
FNH:1
FNDA:8,AuthorFollowersPage
DA:1,1
DA:6,1
DA:7,8
DA:8,8
DA:9,8
DA:10,8
DA:12,8
DA:13,4
DA:14,4
DA:15,4
DA:16,4
DA:17,4
DA:18,4
DA:19,4
DA:22,4
DA:23,2
DA:24,2
DA:25,2
DA:26,4
DA:27,4
DA:28,4
DA:29,4
DA:30,4
DA:31,4
DA:32,4
DA:33,4
DA:34,8
DA:36,8
DA:38,4
DA:39,4
DA:41,4
DA:42,4
DA:43,4
DA:44,4
DA:45,4
DA:46,4
DA:47,4
DA:48,4
DA:49,4
DA:50,4
DA:51,4
DA:54,4
DA:55,4
DA:56,2
DA:57,2
DA:58,2
DA:59,2
DA:60,2
DA:63,2
DA:64,0
DA:65,0
DA:66,0
DA:67,0
DA:68,0
DA:70,2
DA:71,2
DA:72,2
DA:76,2
DA:77,2
DA:78,2
DA:79,2
DA:80,2
DA:81,1
DA:83,2
DA:86,2
DA:87,2
DA:88,2
DA:89,2
DA:90,2
DA:91,2
DA:92,2
DA:93,0
DA:94,2
DA:95,2
DA:96,2
DA:98,4
DA:100,4
DA:101,2
DA:102,2
DA:103,2
DA:104,2
DA:105,2
DA:106,2
DA:107,2
DA:109,8
DA:110,8
DA:112,8
LF:87
LH:81
BRDA:6,0,0,8
BRDA:36,1,0,4
BRDA:100,2,0,2
BRDA:12,3,0,4
BRDA:15,4,0,3
BRDA:15,5,0,0
BRDA:15,6,0,1
BRDA:16,7,0,3
BRDA:16,8,0,1
BRDA:16,9,0,1
BRDA:17,10,0,4
BRDA:22,11,0,2
BRDA:24,12,0,1
BRDA:25,13,0,1
BRDA:28,14,0,4
BRDA:30,15,0,2
BRDA:55,16,0,2
BRDA:56,17,0,0
BRDA:63,18,0,0
BRDA:71,19,0,0
BRDA:78,20,0,0
BRDA:80,21,0,1
BRDA:92,22,0,0
BRF:23
BRH:17
end_of_record
TN:
SF:src\pages\author\AuthorMediaPage.jsx
FN:6,AuthorMediaPage
FN:18,fetchLibrary
FN:27,uploadFile
FN:46,onUploadProgress
FN:59,handleDrop
FN:66,handleDelete
FN:77,copyUrl
FN:98,onDragOver
FN:99,onDragLeave
FN:101,onClick
FN:108,onChange
FN:134,onClick
FN:139,onError
FN:150,onClick
FN:156,onClick
FN:177,onClick
FN:178,onClick
FN:179,onClick
FN:188,onClick
FNF:19
FNH:14
FNDA:38,AuthorMediaPage
FNDA:12,fetchLibrary
FNDA:4,uploadFile
FNDA:0,onUploadProgress
FNDA:1,handleDrop
FNDA:1,handleDelete
FNDA:1,copyUrl
FNDA:1,onDragOver
FNDA:1,onDragLeave
FNDA:0,onClick
FNDA:3,onChange
FNDA:1,onClick
FNDA:0,onError
FNDA:1,onClick
FNDA:1,onClick
FNDA:0,onClick
FNDA:1,onClick
FNDA:1,onClick
FNDA:0,onClick
DA:1,1
DA:6,1
DA:7,38
DA:8,38
DA:9,38
DA:10,38
DA:11,38
DA:12,38
DA:13,38
DA:14,38
DA:16,38
DA:18,38
DA:19,12
DA:20,12
DA:21,12
DA:22,12
DA:23,12
DA:25,38
DA:27,38
DA:28,4
DA:29,4
DA:30,1
DA:31,1
DA:32,1
DA:33,4
DA:34,1
DA:35,1
DA:36,1
DA:38,2
DA:39,2
DA:40,2
DA:41,2
DA:43,2
DA:44,2
DA:45,2
DA:46,2
DA:47,0
DA:48,0
DA:49,2
DA:50,2
DA:51,4
DA:52,1
DA:53,4
DA:54,2
DA:55,2
DA:56,2
DA:57,4
DA:59,38
DA:60,1
DA:61,1
DA:62,1
DA:63,1
DA:64,1
DA:66,38
DA:67,1
DA:68,1
DA:69,1
DA:70,1
DA:71,1
DA:72,1
DA:73,0
DA:74,0
DA:75,1
DA:77,38
DA:78,1
DA:79,1
DA:80,1
DA:81,1
DA:83,38
DA:85,21
DA:86,21
DA:87,21
DA:88,21
DA:89,21
DA:92,21
DA:93,21
DA:94,21
DA:95,1
DA:96,20
DA:97,38
DA:98,38
DA:99,38
DA:100,38
DA:101,38
DA:103,38
DA:104,38
DA:105,38
DA:106,38
DA:107,38
DA:108,38
DA:109,38
DA:110,38
DA:111,2
DA:112,2
DA:113,2
DA:114,2
DA:115,2
DA:116,2
DA:117,2
DA:119,19
DA:120,19
DA:121,19
DA:122,19
DA:123,19
DA:125,38
DA:128,38
DA:129,38
DA:130,9
DA:131,9
DA:132,9
DA:134,9
DA:135,9
DA:136,9
DA:137,9
DA:138,9
DA:139,9
DA:140,9
DA:141,9
DA:142,9
DA:143,9
DA:144,9
DA:145,9
DA:146,9
DA:147,9
DA:148,9
DA:149,9
DA:150,9
DA:151,9
DA:153,9
DA:154,9
DA:155,9
DA:156,9
DA:157,9
DA:159,9
DA:160,9
DA:161,9
DA:162,9
DA:163,9
DA:164,38
DA:165,38
DA:167,38
DA:168,10
DA:169,10
DA:170,10
DA:171,10
DA:172,10
DA:176,38
DA:177,1
DA:178,1
DA:179,1
DA:180,1
DA:181,1
DA:182,1
DA:183,1
DA:184,1
DA:185,1
DA:186,1
DA:187,1
DA:188,1
DA:189,1
DA:190,1
DA:191,1
DA:192,1
DA:193,1
DA:195,38
DA:197,38
LF:166
LH:162
BRDA:6,0,0,38
BRDA:83,1,0,17
BRDA:83,2,0,21
BRDA:94,3,0,1
BRDA:95,4,0,20
BRDA:110,5,0,2
BRDA:117,6,0,19
BRDA:167,7,0,12
BRDA:167,8,0,10
BRDA:176,9,0,1
BRDA:189,10,0,0
BRDA:18,11,0,12
BRDA:20,12,0,10
BRDA:20,13,0,0
BRDA:21,14,0,1
BRDA:22,15,0,11
BRDA:25,16,0,10
BRDA:27,17,0,4
BRDA:28,18,0,0
BRDA:29,19,0,1
BRDA:32,20,0,3
BRDA:33,21,0,1
BRDA:36,22,0,2
BRDA:51,23,0,1
BRDA:52,24,0,0
BRDA:53,25,0,2
BRDA:59,26,0,1
BRDA:66,27,0,1
BRDA:67,28,0,0
BRDA:71,29,0,0
BRDA:71,30,0,0
BRDA:72,31,0,0
BRDA:70,32,0,1
BRDA:70,33,0,1
BRDA:77,34,0,1
BRDA:98,35,0,1
BRDA:99,36,0,1
BRDA:108,37,0,3
BRDA:129,38,0,9
BRDA:153,39,0,1
BRDA:153,40,0,8
BRDA:134,41,0,1
BRDA:150,42,0,1
BRDA:156,43,0,1
BRDA:178,44,0,1
BRDA:179,45,0,1
BRF:46
BRH:38
end_of_record
TN:
SF:src\pages\author\AuthorOverviewPage.jsx
FN:7,AuthorOverviewPage
FNF:1
FNH:1
FNDA:8,AuthorOverviewPage
DA:1,1
DA:7,1
DA:8,8
DA:9,8
DA:10,8
DA:12,8
DA:13,4
DA:14,4
DA:15,4
DA:16,4
DA:17,8
DA:19,8
DA:21,4
DA:22,4
DA:23,4
DA:24,4
DA:25,4
DA:27,4
DA:28,4
DA:29,4
DA:30,4
DA:31,4
DA:32,4
DA:33,4
DA:34,4
DA:36,4
DA:37,4
DA:38,4
DA:39,8
DA:40,8
DA:41,8
DA:42,8
DA:43,24
DA:44,24
DA:45,24
DA:46,24
DA:47,24
DA:48,8
DA:49,8
DA:52,8
DA:53,3
DA:54,3
DA:55,3
DA:56,3
DA:57,6
DA:58,6
DA:59,6
DA:60,6
DA:61,6
DA:62,6
DA:63,6
DA:64,6
DA:65,6
DA:66,6
DA:67,6
DA:68,6
DA:69,6
DA:70,6
DA:71,3
DA:72,3
DA:73,3
DA:75,8
DA:77,8
LF:63
LH:63
BRDA:7,0,0,8
BRDA:19,1,0,4
BRDA:52,2,0,3
BRDA:12,3,0,4
BRDA:14,4,0,3
BRDA:14,5,0,0
BRDA:15,6,0,1
BRDA:16,7,0,4
BRDA:21,8,0,6
BRDA:21,9,0,3
BRDA:22,10,0,6
BRDA:22,11,0,3
BRDA:23,12,0,6
BRDA:24,13,0,6
BRDA:25,14,0,6
BRDA:42,15,0,24
BRDA:56,16,0,6
BRDA:60,17,0,3
BRDA:60,18,0,3
BRDA:67,19,0,3
BRDA:68,20,0,3
BRF:21
BRH:20
end_of_record
TN:
SF:src\pages\author\AuthorPostsPage.jsx
FN:7,AuthorPostsPage
FN:22,deletePost
FN:62,onClick
FNF:3
FNH:3
FNDA:15,AuthorPostsPage
FNDA:2,deletePost
FNDA:2,onClick
DA:1,1
DA:7,1
DA:8,15
DA:9,15
DA:10,15
DA:12,15
DA:13,6
DA:14,6
DA:15,6
DA:16,6
DA:17,6
DA:18,15
DA:20,15
DA:22,15
DA:23,2
DA:24,1
DA:25,1
DA:26,1
DA:27,1
DA:28,2
DA:30,15
DA:32,7
DA:33,7
DA:34,7
DA:35,7
DA:36,7
DA:37,15
DA:38,15
DA:39,15
DA:40,15
DA:41,15
DA:42,15
DA:43,5
DA:44,5
DA:45,5
DA:46,5
DA:47,5
DA:48,5
DA:49,5
DA:50,5
DA:51,5
DA:52,5
DA:53,5
DA:54,5
DA:55,5
DA:56,5
DA:57,5
DA:58,5
DA:59,5
DA:60,5
DA:61,5
DA:62,5
DA:63,5
DA:64,5
DA:65,15
DA:66,15
DA:67,3
DA:69,15
DA:70,15
DA:72,15
LF:60
LH:60
BRDA:7,0,0,15
BRDA:30,1,0,8
BRDA:30,2,0,7
BRDA:37,3,0,4
BRDA:37,4,0,3
BRDA:66,5,0,3
BRDA:12,6,0,6
BRDA:15,7,0,4
BRDA:15,8,0,0
BRDA:16,9,0,1
BRDA:17,10,0,5
BRDA:20,11,0,5
BRDA:22,12,0,2
BRDA:23,13,0,1
BRDA:42,14,0,5
BRDA:46,15,0,4
BRDA:46,16,0,1
BRDA:46,17,0,0
BRDA:49,18,0,1
BRDA:50,19,0,1
BRDA:53,20,0,4
BRDA:55,21,0,1
BRDA:56,22,0,1
BRDA:57,23,0,1
BRDA:62,24,0,2
BRF:25
BRH:23
end_of_record
TN:
SF:src\pages\public\AuthorProfilePage.jsx
FN:9,AuthorProfilePage
FN:55,toggleFollow
FN:91,onClick
FN:97,onClick
FNF:4
FNH:2
FNDA:25,AuthorProfilePage
FNDA:1,toggleFollow
FNDA:0,onClick
FNDA:0,onClick
DA:1,1
DA:9,1
DA:10,25
DA:11,25
DA:12,25
DA:13,25
DA:14,25
DA:15,25
DA:16,25
DA:17,25
DA:18,25
DA:20,25
DA:21,25
DA:22,25
DA:24,25
DA:26,25
DA:27,10
DA:28,10
DA:29,10
DA:30,10
DA:31,9
DA:32,9
DA:33,10
DA:34,10
DA:35,10
DA:36,9
DA:37,9
DA:38,9
DA:39,9
DA:40,10
DA:41,25
DA:44,25
DA:45,10
DA:46,2
DA:47,2
DA:48,2
DA:49,2
DA:50,2
DA:51,2
DA:52,2
DA:53,25
DA:55,25
DA:56,1
DA:57,0
DA:58,0
DA:59,0
DA:60,1
DA:61,1
DA:62,1
DA:63,1
DA:64,1
DA:65,1
DA:66,1
DA:67,1
DA:69,1
DA:70,1
DA:71,1
DA:72,1
DA:74,25
DA:77,25
DA:78,2
DA:79,2
DA:80,2
DA:81,2
DA:82,2
DA:83,2
DA:84,2
DA:85,2
DA:86,2
DA:88,2
DA:89,2
DA:90,2
DA:91,2
DA:92,2
DA:94,2
DA:95,2
DA:96,2
DA:97,2
DA:98,2
DA:99,2
DA:101,2
DA:102,2
DA:103,2
DA:104,2
DA:106,2
DA:108,13
DA:109,13
DA:111,13
DA:112,13
DA:113,13
DA:115,13
DA:116,13
DA:117,13
DA:118,0
DA:119,0
DA:120,0
DA:121,0
DA:122,0
DA:124,13
DA:125,13
DA:126,13
DA:128,25
DA:129,25
DA:130,25
DA:131,13
DA:133,25
DA:134,25
DA:135,25
DA:136,4
DA:137,4
DA:138,4
DA:139,4
DA:140,4
DA:141,1
DA:142,3
DA:143,4
DA:145,4
DA:146,4
DA:148,25
DA:149,0
DA:150,0
DA:151,0
DA:153,25
DA:156,25
DA:157,13
DA:158,13
DA:159,13
DA:163,25
DA:164,25
DA:165,25
DA:166,25
DA:167,25
DA:168,25
DA:169,25
DA:170,25
DA:171,25
DA:172,25
DA:173,25
DA:174,25
DA:175,25
DA:176,25
DA:179,25
DA:180,25
DA:181,25
DA:182,25
DA:183,25
DA:184,22
DA:185,22
DA:186,22
DA:187,22
DA:189,22
DA:190,22
DA:191,22
DA:192,22
DA:193,22
DA:194,22
DA:195,22
DA:196,22
DA:198,22
DA:199,22
DA:200,22
DA:201,22
DA:202,22
DA:203,22
DA:204,22
DA:205,22
DA:206,22
DA:207,22
DA:208,22
DA:209,22
DA:210,22
DA:211,25
DA:212,25
DA:213,25
DA:214,2
DA:215,2
DA:216,2
DA:217,2
DA:218,2
DA:219,2
DA:220,2
DA:222,25
DA:224,25
LF:183
LH:172
BRDA:9,0,0,25
BRDA:20,1,0,12
BRDA:21,2,0,12
BRDA:21,3,0,6
BRDA:22,4,0,12
BRDA:22,5,0,12
BRDA:24,6,0,12
BRDA:24,7,0,6
BRDA:24,8,0,3
BRDA:74,9,0,10
BRDA:74,10,0,15
BRDA:77,11,0,8
BRDA:77,12,0,2
BRDA:106,13,0,13
BRDA:117,14,0,0
BRDA:122,15,0,13
BRDA:125,16,0,0
BRDA:129,17,0,13
BRDA:129,18,0,0
BRDA:130,19,0,13
BRDA:130,20,0,13
BRDA:135,21,0,6
BRDA:135,22,0,4
BRDA:135,23,0,4
BRDA:140,24,0,1
BRDA:141,25,0,3
BRDA:145,26,0,1
BRDA:145,27,0,3
BRDA:148,28,0,6
BRDA:148,29,0,4
BRDA:148,30,0,0
BRDA:156,31,0,13
BRDA:156,32,0,13
BRDA:172,33,0,0
BRDA:172,34,0,13
BRDA:180,35,0,13
BRDA:180,36,0,0
BRDA:213,37,0,2
BRDA:26,38,0,10
BRDA:29,39,0,9
BRDA:30,40,0,9
BRDA:31,41,0,0
BRDA:32,42,0,16
BRDA:34,43,0,9
BRDA:34,44,0,1
BRDA:35,45,0,9
BRDA:44,46,0,10
BRDA:45,47,0,4
BRDA:45,48,0,3
BRDA:45,49,0,2
BRDA:47,50,0,2
BRDA:49,51,0,0
BRDA:55,52,0,1
BRDA:56,53,0,0
BRDA:60,54,0,0
BRDA:67,55,0,0
BRDA:183,56,0,22
BRF:57
BRH:46
end_of_record
TN:
SF:src\pages\public\CategoryPage.jsx
FN:6,TaxonomyPage
FN:40,CategoryPage
FN:41,TagPage
FNF:3
FNH:3
FNDA:10,TaxonomyPage
FNDA:3,CategoryPage
FNDA:2,TagPage
DA:1,1
DA:6,10
DA:7,10
DA:8,10
DA:9,10
DA:11,10
DA:12,5
DA:13,5
DA:14,5
DA:15,5
DA:16,5
DA:17,5
DA:18,10
DA:20,10
DA:22,5
DA:23,5
DA:24,5
DA:25,10
DA:26,10
DA:27,10
DA:28,10
DA:29,1
DA:30,1
DA:31,1
DA:32,1
DA:33,10
DA:34,10
DA:35,10
DA:36,10
DA:38,10
DA:40,1
DA:41,1
LF:32
LH:32
BRDA:6,0,0,10
BRDA:20,1,0,5
BRDA:26,2,0,4
BRDA:26,3,0,1
BRDA:35,4,0,4
BRDA:11,5,0,5
BRDA:13,6,0,3
BRDA:13,7,0,2
BRDA:15,8,0,5
BRDA:17,9,0,5
BRDA:28,10,0,1
BRDA:40,11,0,3
BRDA:41,12,0,2
BRF:13
BRH:13
end_of_record
TN:
SF:src\pages\public\HomePage.jsx
FN:8,HomePage
FNF:1
FNH:1
FNDA:4,HomePage
DA:1,1
DA:8,1
DA:9,4
DA:10,4
DA:11,4
DA:12,4
DA:13,4
DA:15,4
DA:16,2
DA:17,2
DA:18,2
DA:19,2
DA:20,2
DA:21,2
DA:22,2
DA:23,2
DA:24,2
DA:25,2
DA:26,2
DA:27,2
DA:28,4
DA:30,4
DA:32,1
DA:34,1
DA:35,1
DA:37,1
DA:38,1
DA:39,1
DA:40,1
DA:41,1
DA:42,1
DA:43,1
DA:44,1
DA:45,1
DA:46,1
DA:48,1
DA:49,1
DA:51,1
DA:52,1
DA:53,1
DA:54,1
DA:55,1
DA:56,1
DA:58,1
DA:59,1
DA:61,1
DA:62,1
DA:63,1
DA:64,1
DA:65,1
DA:66,2
DA:67,2
DA:68,2
DA:69,2
DA:70,2
DA:71,1
DA:72,1
DA:73,1
DA:76,1
DA:77,1
DA:78,1
DA:79,1
DA:80,1
DA:81,1
DA:82,1
DA:83,1
DA:84,1
DA:85,4
DA:86,4
DA:87,4
DA:88,4
DA:89,4
DA:90,4
DA:91,4
DA:92,1
DA:93,1
DA:94,1
DA:95,1
DA:96,1
DA:97,4
DA:98,4
DA:99,4
DA:100,4
DA:101,4
DA:102,4
DA:105,4
DA:106,4
DA:107,4
DA:108,4
DA:110,4
DA:111,4
DA:112,4
DA:113,1
DA:114,1
DA:115,1
DA:116,1
DA:117,1
DA:118,1
DA:119,1
DA:120,1
DA:121,1
DA:122,1
DA:123,1
DA:124,1
DA:125,1
DA:126,1
DA:127,1
DA:128,1
DA:129,1
DA:130,1
DA:131,1
DA:132,1
DA:133,1
DA:134,1
DA:136,0
DA:137,0
DA:138,0
DA:139,0
DA:140,0
DA:142,4
DA:143,4
DA:145,4
LF:122
LH:117
BRDA:8,0,0,4
BRDA:30,1,0,2
BRDA:30,2,0,1
BRDA:85,3,0,0
BRDA:91,4,0,1
BRDA:97,5,0,0
BRDA:112,6,0,1
BRDA:134,7,0,0
BRDA:15,8,0,2
BRDA:17,9,0,2
BRDA:18,10,0,2
BRDA:19,11,0,2
BRDA:20,12,0,2
BRDA:21,13,0,2
BRDA:65,14,0,2
BRDA:80,15,0,1
BRDA:91,16,0,1
BRDA:114,17,0,1
BRDA:120,18,0,0
BRF:19
BRH:15
end_of_record
TN:
SF:src\pages\public\LoginPage.jsx
FN:9,AuthShell
FN:39,LoginPage
FN:54,submit
FN:75,onChange
FN:80,onChange
FN:126,RegisterPage
FN:132,submit
FN:152,onClick
FN:163,onChange
FN:167,onChange
FN:171,onChange
FN:176,onChange
FN:190,ForgotPasswordPage
FN:200,sendOtp
FN:212,verifyOtp
FN:224,resetPassword
FN:254,onChange
FN:266,onChange
FN:270,onClick
FN:279,onChange
FNF:20
FNH:20
FNDA:66,AuthShell
FNDA:13,LoginPage
FNDA:2,submit
FNDA:2,onChange
FNDA:2,onChange
FNDA:20,RegisterPage
FNDA:2,submit
FNDA:1,onClick
FNDA:2,onChange
FNDA:2,onChange
FNDA:2,onChange
FNDA:2,onChange
FNDA:33,ForgotPasswordPage
FNDA:5,sendOtp
FNDA:2,verifyOtp
FNDA:1,resetPassword
FNDA:5,onChange
FNDA:2,onChange
FNDA:1,onClick
FNDA:1,onChange
DA:1,1
DA:9,66
DA:10,66
DA:11,66
DA:13,66
DA:14,66
DA:15,66
DA:16,66
DA:17,66
DA:18,66
DA:20,66
DA:21,66
DA:23,66
DA:24,66
DA:27,66
DA:28,66
DA:29,66
DA:30,66
DA:31,66
DA:32,66
DA:33,66
DA:34,66
DA:36,66
DA:39,1
DA:40,13
DA:41,13
DA:42,13
DA:43,13
DA:44,13
DA:45,13
DA:46,13
DA:49,13
DA:50,3
DA:51,3
DA:52,13
DA:54,13
DA:55,2
DA:56,2
DA:57,2
DA:58,2
DA:59,1
DA:60,1
DA:61,1
DA:62,1
DA:63,2
DA:65,13
DA:67,13
DA:68,13
DA:69,13
DA:71,13
DA:72,13
DA:73,13
DA:74,13
DA:75,13
DA:76,13
DA:77,13
DA:78,13
DA:79,13
DA:80,13
DA:81,13
DA:83,13
DA:84,13
DA:86,13
DA:87,13
DA:89,13
DA:90,1
DA:91,1
DA:92,1
DA:95,13
DA:96,13
DA:97,13
DA:98,13
DA:101,13
DA:102,13
DA:103,13
DA:104,13
DA:106,13
DA:107,13
DA:108,13
DA:110,13
DA:111,13
DA:112,13
DA:114,13
DA:115,13
DA:117,13
DA:118,13
DA:119,13
DA:120,13
DA:121,13
DA:123,13
DA:126,1
DA:127,20
DA:128,20
DA:129,20
DA:130,20
DA:132,20
DA:133,2
DA:134,2
DA:135,2
DA:136,2
DA:137,1
DA:138,1
DA:139,1
DA:140,1
DA:141,2
DA:143,20
DA:144,20
DA:145,20
DA:147,20
DA:148,20
DA:149,20
DA:150,20
DA:151,20
DA:152,40
DA:153,40
DA:154,20
DA:155,40
DA:156,40
DA:157,40
DA:158,40
DA:159,20
DA:160,20
DA:161,20
DA:162,20
DA:163,20
DA:164,20
DA:165,20
DA:166,20
DA:167,20
DA:168,20
DA:169,20
DA:170,20
DA:171,20
DA:172,20
DA:173,20
DA:174,20
DA:175,20
DA:176,20
DA:177,20
DA:178,20
DA:179,20
DA:180,20
DA:181,20
DA:182,20
DA:183,20
DA:184,20
DA:185,20
DA:187,20
DA:190,1
DA:191,33
DA:192,33
DA:193,33
DA:194,33
DA:195,33
DA:196,33
DA:197,33
DA:198,33
DA:200,33
DA:201,5
DA:202,5
DA:203,5
DA:204,5
DA:205,4
DA:206,4
DA:207,5
DA:208,1
DA:209,5
DA:210,5
DA:212,33
DA:213,2
DA:214,2
DA:215,2
DA:216,2
DA:217,2
DA:218,2
DA:219,2
DA:220,0
DA:221,2
DA:222,2
DA:224,33
DA:225,1
DA:226,1
DA:227,1
DA:228,1
DA:229,1
DA:230,1
DA:231,1
DA:232,0
DA:233,1
DA:234,1
DA:236,33
DA:237,33
DA:238,33
DA:239,33
DA:240,33
DA:243,33
DA:244,33
DA:245,99
DA:246,33
DA:247,33
DA:249,33
DA:250,20
DA:251,20
DA:252,20
DA:253,20
DA:254,20
DA:255,20
DA:256,20
DA:257,20
DA:258,20
DA:261,33
DA:262,8
DA:263,8
DA:264,8
DA:265,8
DA:266,8
DA:267,8
DA:268,8
DA:269,8
DA:270,8
DA:271,8
DA:274,33
DA:275,5
DA:276,5
DA:277,5
DA:278,5
DA:279,5
DA:280,5
DA:281,5
DA:282,5
DA:283,5
DA:286,33
DA:287,33
DA:289,33
LF:234
LH:232
BRDA:9,0,0,66
BRDA:39,1,0,13
BRDA:45,2,0,0
BRDA:89,3,0,1
BRDA:96,4,0,2
BRDA:96,5,0,11
BRDA:49,6,0,3
BRDA:54,7,0,2
BRDA:58,8,0,1
BRDA:61,9,0,0
BRDA:75,10,0,2
BRDA:80,11,0,2
BRDA:126,12,0,20
BRDA:178,13,0,1
BRDA:179,14,0,2
BRDA:179,15,0,18
BRDA:132,16,0,2
BRDA:136,17,0,1
BRDA:139,18,0,0
BRDA:151,19,0,40
BRDA:153,20,0,20
BRDA:154,21,0,20
BRDA:152,22,0,1
BRDA:152,23,0,1
BRDA:163,24,0,2
BRDA:167,25,0,2
BRDA:171,26,0,2
BRDA:176,27,0,2
BRDA:190,28,0,33
BRDA:237,29,0,20
BRDA:237,30,0,13
BRDA:237,31,0,8
BRDA:237,32,0,5
BRDA:249,33,0,20
BRDA:256,34,0,1
BRDA:257,35,0,5
BRDA:257,36,0,15
BRDA:261,37,0,8
BRDA:268,38,0,0
BRDA:269,39,0,2
BRDA:269,40,0,6
BRDA:274,41,0,5
BRDA:281,42,0,0
BRDA:282,43,0,1
BRDA:282,44,0,4
BRDA:286,45,0,14
BRDA:200,46,0,5
BRDA:204,47,0,4
BRDA:207,48,0,1
BRDA:208,49,0,0
BRDA:212,50,0,2
BRDA:219,51,0,0
BRDA:224,52,0,1
BRDA:231,53,0,0
BRDA:244,54,0,99
BRDA:245,55,0,51
BRDA:245,56,0,48
BRDA:254,57,0,5
BRDA:266,58,0,2
BRDA:270,59,0,1
BRDA:279,60,0,1
BRF:61
BRH:53
end_of_record
TN:
SF:src\pages\public\NewsletterConfirmPage.jsx
FN:6,NewsletterConfirmPage
FNF:1
FNH:1
FNDA:11,NewsletterConfirmPage
DA:1,1
DA:6,1
DA:7,11
DA:8,11
DA:9,11
DA:10,11
DA:12,11
DA:13,6
DA:14,1
DA:15,1
DA:16,1
DA:17,1
DA:19,5
DA:20,5
DA:21,2
DA:22,2
DA:23,5
DA:24,5
DA:25,2
DA:26,2
DA:27,5
DA:28,11
DA:30,11
DA:31,11
DA:32,11
DA:33,11
DA:34,6
DA:35,6
DA:36,6
DA:37,6
DA:40,11
DA:41,2
DA:42,2
DA:43,2
DA:44,2
DA:45,2
DA:46,2
DA:47,2
DA:48,2
DA:49,2
DA:51,2
DA:52,2
DA:55,11
DA:56,3
DA:57,3
DA:58,3
DA:59,3
DA:60,3
DA:61,3
DA:62,3
DA:63,3
DA:64,3
DA:66,3
DA:67,3
DA:69,11
DA:70,11
DA:72,11
LF:57
LH:57
BRDA:6,0,0,11
BRDA:33,1,0,6
BRDA:40,2,0,2
BRDA:55,3,0,3
BRDA:12,4,0,6
BRDA:13,5,0,1
BRDA:17,6,0,5
BRDA:20,7,0,2
BRDA:22,8,0,0
BRDA:24,9,0,2
BRDA:26,10,0,1
BRDA:26,11,0,1
BRF:12
BRH:11
end_of_record
TN:
SF:src\pages\public\NewsletterPage.jsx
FN:5,NewsletterPage
FN:11,submit
FN:39,onChange
FN:43,onChange
FNF:4
FNH:3
FNDA:7,NewsletterPage
FNDA:2,submit
FNDA:0,onChange
FNDA:2,onChange
DA:1,1
DA:5,1
DA:6,7
DA:7,7
DA:8,7
DA:9,7
DA:11,7
DA:12,2
DA:13,2
DA:14,2
DA:15,1
DA:16,1
DA:17,1
DA:18,1
DA:19,1
DA:20,1
DA:21,1
DA:22,1
DA:23,2
DA:25,7
DA:26,7
DA:27,7
DA:28,7
DA:29,7
DA:30,7
DA:32,7
DA:33,7
DA:34,7
DA:35,7
DA:36,7
DA:37,7
DA:38,7
DA:39,7
DA:40,7
DA:41,7
DA:42,7
DA:43,7
DA:44,7
DA:45,7
DA:46,7
DA:47,7
DA:48,2
DA:49,2
DA:50,2
DA:51,2
DA:53,7
DA:54,7
DA:55,7
DA:57,7
LF:49
LH:49
BRDA:5,0,0,7
BRDA:47,1,0,2
BRDA:48,2,0,1
BRDA:48,3,0,1
BRDA:49,4,0,1
BRDA:11,5,0,2
BRDA:14,6,0,1
BRDA:20,7,0,0
BRDA:43,8,0,2
BRF:9
BRH:8
end_of_record
TN:
SF:src\pages\public\OAuthSuccessPage.jsx
FN:8,OAuthSuccessPage
FNF:1
FNH:1
FNDA:8,OAuthSuccessPage
DA:1,1
DA:8,1
DA:9,8
DA:10,8
DA:11,8
DA:13,8
DA:14,8
DA:15,8
DA:17,8
DA:18,1
DA:19,1
DA:20,1
DA:22,7
DA:23,8
DA:24,2
DA:25,2
DA:27,7
DA:28,7
DA:29,5
DA:30,5
DA:31,5
DA:32,7
DA:33,7
DA:34,1
DA:35,1
DA:36,1
DA:37,7
DA:38,8
DA:40,8
DA:41,8
DA:42,8
DA:43,8
DA:44,8
DA:45,8
DA:46,8
DA:47,8
DA:49,8
LF:37
LH:37
BRDA:8,0,0,8
BRDA:13,1,0,8
BRDA:17,2,0,1
BRDA:20,3,0,7
BRDA:23,4,0,2
BRDA:25,5,0,7
BRDA:28,6,0,5
BRDA:33,7,0,1
BRF:8
BRH:8
end_of_record
TN:
SF:src\pages\public\PostDetailPage.jsx
FN:10,PostDetailPage
FN:84,toggleLike
FN:99,toggleBookmark
FN:116,toggleFollow
FN:131,refreshComments
FN:139,submitComment
FN:154,submitReply
FN:297,onChange
FN:324,renderComment
FN:362,onClick
FN:374,onChange
FN:377,onKeyDown
FN:380,onClick
FNF:13
FNH:8
FNDA:77,PostDetailPage
FNDA:1,toggleLike
FNDA:2,toggleBookmark
FNDA:1,toggleFollow
FNDA:1,refreshComments
FNDA:1,submitComment
FNDA:0,submitReply
FNDA:1,onChange
FNDA:35,renderComment
FNDA:0,onClick
FNDA:0,onChange
FNDA:0,onKeyDown
FNDA:0,onClick
DA:1,1
DA:10,1
DA:11,77
DA:12,77
DA:13,77
DA:14,77
DA:15,77
DA:16,77
DA:17,77
DA:18,77
DA:19,77
DA:20,77
DA:21,77
DA:22,77
DA:25,77
DA:26,77
DA:27,77
DA:28,77
DA:29,77
DA:30,77
DA:32,77
DA:34,77
DA:35,19
DA:36,19
DA:37,19
DA:38,18
DA:39,18
DA:40,18
DA:43,18
DA:44,17
DA:45,17
DA:46,17
DA:49,17
DA:50,17
DA:51,17
DA:52,17
DA:54,17
DA:55,19
DA:56,19
DA:57,19
DA:58,19
DA:60,19
DA:61,2
DA:62,2
DA:63,2
DA:64,2
DA:65,2
DA:68,2
DA:69,2
DA:70,77
DA:73,77
DA:74,36
DA:75,8
DA:76,8
DA:77,8
DA:78,8
DA:79,8
DA:80,8
DA:81,8
DA:82,77
DA:84,77
DA:85,1
DA:86,1
DA:87,1
DA:88,1
DA:89,1
DA:90,1
DA:91,1
DA:92,1
DA:94,1
DA:95,1
DA:96,1
DA:97,1
DA:99,77
DA:100,2
DA:101,2
DA:102,1
DA:103,1
DA:104,1
DA:105,1
DA:106,1
DA:107,1
DA:108,1
DA:109,2
DA:111,2
DA:112,1
DA:113,1
DA:114,2
DA:116,77
DA:117,1
DA:118,1
DA:119,1
DA:120,1
DA:121,1
DA:122,1
DA:123,1
DA:124,1
DA:126,1
DA:127,1
DA:128,1
DA:129,1
DA:131,77
DA:132,1
DA:133,1
DA:134,1
DA:135,1
DA:136,1
DA:137,1
DA:139,77
DA:140,1
DA:141,1
DA:142,1
DA:143,1
DA:144,1
DA:145,1
DA:146,1
DA:147,1
DA:149,1
DA:150,1
DA:151,1
DA:152,1
DA:154,77
DA:155,0
DA:156,0
DA:157,0
DA:158,0
DA:159,0
DA:160,0
DA:161,0
DA:162,0
DA:164,0
DA:165,0
DA:166,0
DA:167,0
DA:169,77
DA:170,77
DA:172,77
DA:174,77
DA:175,77
DA:177,77
DA:178,77
DA:179,77
DA:180,35
DA:181,35
DA:182,35
DA:184,77
DA:185,70
DA:186,70
DA:187,70
DA:188,35
DA:189,77
DA:190,77
DA:191,77
DA:192,77
DA:193,77
DA:194,77
DA:195,77
DA:196,35
DA:198,77
DA:201,77
DA:202,77
DA:203,77
DA:204,0
DA:206,35
DA:207,35
DA:208,35
DA:210,77
DA:211,77
DA:212,77
DA:213,25
DA:215,77
DA:216,77
DA:217,77
DA:218,77
DA:219,77
DA:220,77
DA:221,24
DA:222,24
DA:223,24
DA:224,24
DA:225,24
DA:226,1
DA:227,23
DA:228,24
DA:230,24
DA:231,24
DA:233,77
DA:235,77
DA:236,77
DA:239,77
DA:240,77
DA:241,24
DA:242,24
DA:243,24
DA:244,24
DA:245,24
DA:246,24
DA:247,1
DA:248,23
DA:249,24
DA:251,24
DA:252,24
DA:253,24
DA:254,24
DA:255,24
DA:256,24
DA:257,24
DA:258,24
DA:259,1
DA:260,23
DA:261,24
DA:263,24
DA:264,1
DA:265,1
DA:266,1
DA:268,23
DA:269,23
DA:270,23
DA:272,24
DA:273,24
DA:275,11
DA:276,11
DA:277,11
DA:279,77
DA:280,77
DA:283,77
DA:284,77
DA:285,77
DA:286,77
DA:288,77
DA:289,24
DA:290,24
DA:291,24
DA:292,24
DA:293,24
DA:294,24
DA:295,24
DA:296,24
DA:297,24
DA:298,24
DA:299,24
DA:300,24
DA:301,24
DA:302,24
DA:303,24
DA:304,24
DA:305,24
DA:306,24
DA:308,77
DA:309,11
DA:310,11
DA:311,11
DA:314,77
DA:315,77
DA:316,35
DA:317,35
DA:318,35
DA:319,35
DA:320,2
DA:321,2
DA:322,35
DA:324,35
DA:325,35
DA:326,35
DA:327,2
DA:328,33
DA:329,35
DA:330,35
DA:331,35
DA:332,35
DA:333,35
DA:334,2
DA:335,33
DA:336,35
DA:337,35
DA:338,35
DA:339,35
DA:340,35
DA:341,35
DA:342,2
DA:343,2
DA:344,2
DA:346,35
DA:347,35
DA:348,35
DA:349,35
DA:350,35
DA:351,35
DA:352,35
DA:353,0
DA:354,0
DA:355,35
DA:356,35
DA:357,35
DA:360,35
DA:361,0
DA:362,0
DA:363,0
DA:365,0
DA:366,0
DA:370,35
DA:371,0
DA:372,0
DA:373,0
DA:374,0
DA:375,0
DA:376,0
DA:377,0
DA:378,0
DA:379,0
DA:380,0
DA:381,0
DA:382,0
DA:384,0
DA:385,0
DA:386,0
DA:390,35
DA:391,2
DA:392,2
DA:393,2
DA:395,35
DA:398,35
DA:399,2
DA:401,77
DA:402,77
DA:403,77
DA:404,77
DA:406,77
LF:328
LH:293
BRDA:10,0,0,77
BRDA:32,1,0,47
BRDA:32,2,0,14
BRDA:82,3,0,56
BRDA:169,4,0,40
BRDA:169,5,0,37
BRDA:170,6,0,2
BRDA:170,7,0,35
BRDA:172,8,0,24
BRDA:179,9,0,35
BRDA:184,10,0,35
BRDA:184,11,0,35
BRDA:195,12,0,35
BRDA:203,13,0,35
BRDA:203,14,0,0
BRDA:204,15,0,35
BRDA:207,16,0,0
BRDA:211,17,0,35
BRDA:211,18,0,0
BRDA:212,19,0,35
BRDA:212,20,0,25
BRDA:216,21,0,0
BRDA:216,22,0,35
BRDA:220,23,0,24
BRDA:220,24,0,24
BRDA:225,25,0,1
BRDA:226,26,0,23
BRDA:230,27,0,1
BRDA:230,28,0,23
BRDA:240,29,0,24
BRDA:246,30,0,1
BRDA:247,31,0,23
BRDA:251,32,0,1
BRDA:251,33,0,23
BRDA:252,34,0,1
BRDA:252,35,0,23
BRDA:258,36,0,1
BRDA:259,37,0,23
BRDA:263,38,0,1
BRDA:266,39,0,23
BRDA:269,40,0,18
BRDA:273,41,0,11
BRDA:288,42,0,24
BRDA:292,43,0,0
BRDA:301,44,0,22
BRDA:302,45,0,2
BRDA:302,46,0,22
BRDA:308,47,0,11
BRDA:34,48,0,19
BRDA:60,49,0,8
BRDA:60,50,0,2
BRDA:37,51,0,18
BRDA:40,52,0,0
BRDA:43,53,0,17
BRDA:45,54,0,17
BRDA:50,55,0,17
BRDA:50,56,0,3
BRDA:56,57,0,17
BRDA:56,58,0,0
BRDA:57,59,0,1
BRDA:58,60,0,18
BRDA:61,61,0,2
BRDA:62,62,0,0
BRDA:64,63,0,0
BRDA:73,64,0,36
BRDA:74,65,0,16
BRDA:74,66,0,8
BRDA:74,67,0,8
BRDA:74,68,0,8
BRDA:76,69,0,8
BRDA:78,70,0,1
BRDA:84,71,0,1
BRDA:85,72,0,0
BRDA:92,73,0,0
BRDA:99,74,0,2
BRDA:100,75,0,0
BRDA:101,76,0,1
BRDA:109,77,0,0
BRDA:111,78,0,1
BRDA:116,79,0,1
BRDA:117,80,0,0
BRDA:124,81,0,0
BRDA:131,82,0,1
BRDA:132,83,0,0
BRDA:135,84,0,0
BRDA:136,85,0,0
BRDA:139,86,0,1
BRDA:141,87,0,0
BRDA:147,88,0,0
BRDA:184,89,0,70
BRDA:297,90,0,1
BRDA:315,91,0,35
BRDA:398,92,0,33
BRDA:398,93,0,2
BRDA:316,94,0,35
BRDA:317,95,0,35
BRDA:319,96,0,2
BRDA:324,97,0,35
BRDA:326,98,0,2
BRDA:327,99,0,33
BRDA:333,100,0,2
BRDA:334,101,0,33
BRDA:337,102,0,2
BRDA:337,103,0,33
BRDA:340,104,0,0
BRDA:341,105,0,2
BRDA:347,106,0,0
BRDA:352,107,0,0
BRDA:360,108,0,24
BRDA:360,109,0,0
BRDA:360,110,0,0
BRDA:360,111,0,0
BRDA:370,112,0,0
BRDA:390,113,0,2
BRDA:390,114,0,2
BRDA:392,115,0,2
BRDA:398,116,0,33
BRF:117
BRH:90
end_of_record
TN:
SF:src\pages\public\RegisterPage.jsx
FNF:0
FNH:0
DA:1,1
LF:1
LH:1
BRF:0
BRH:0
end_of_record
TN:
SF:src\pages\public\SearchPage.jsx
FN:6,SearchPage
FN:27,clearFilters
FN:31,updateParams
FN:49,onChange
FN:56,onChange
FNF:5
FNH:5
FNDA:21,SearchPage
FNDA:1,clearFilters
FNDA:2,updateParams
FNDA:1,onChange
FNDA:1,onChange
DA:1,1
DA:6,1
DA:7,21
DA:8,21
DA:9,21
DA:10,21
DA:11,21
DA:13,21
DA:14,9
DA:15,21
DA:17,21
DA:18,11
DA:19,11
DA:20,11
DA:22,11
DA:23,11
DA:24,11
DA:25,21
DA:27,21
DA:28,1
DA:29,1
DA:31,21
DA:32,2
DA:33,2
DA:34,1
DA:35,1
DA:36,1
DA:37,1
DA:38,2
DA:39,2
DA:41,21
DA:42,21
DA:43,21
DA:44,21
DA:45,21
DA:46,21
DA:47,21
DA:48,21
DA:49,21
DA:50,21
DA:51,21
DA:52,21
DA:53,21
DA:54,21
DA:55,21
DA:56,21
DA:57,21
DA:59,21
DA:60,21
DA:61,8
DA:62,21
DA:63,21
DA:64,21
DA:65,6
DA:67,6
DA:69,21
DA:70,21
DA:71,21
DA:72,2
DA:73,2
DA:74,2
DA:75,2
DA:76,2
DA:77,2
DA:78,2
DA:79,2
DA:80,2
DA:81,2
DA:82,21
DA:83,21
DA:84,17
DA:86,21
DA:87,21
DA:89,21
LF:74
LH:74
BRDA:6,0,0,21
BRDA:10,1,0,13
BRDA:11,2,0,16
BRDA:64,3,0,16
BRDA:64,4,0,6
BRDA:83,5,0,17
BRDA:13,6,0,9
BRDA:14,7,0,8
BRDA:17,8,0,11
BRDA:19,9,0,2
BRDA:20,10,0,3
BRDA:23,11,0,10
BRDA:24,12,0,1
BRDA:27,13,0,1
BRDA:31,14,0,2
BRDA:33,15,0,1
BRDA:49,16,0,1
BRDA:56,17,0,1
BRDA:60,18,0,8
BRDA:71,19,0,2
BRDA:75,20,0,0
BRF:21
BRH:20
end_of_record
TN:
SF:src\pages\public\TagPage.jsx
FNF:0
FNH:0
DA:1,1
LF:1
LH:1
BRF:0
BRH:0
end_of_record
TN:
SF:src\pages\reader\BookmarksPage.jsx
FN:9,BookmarksPage
FN:24,loadBookmarks
FN:42,removeBookmark
FN:64,onClick
FN:116,onClick
FNF:5
FNH:2
FNDA:10,BookmarksPage
FNDA:4,loadBookmarks
FNDA:0,removeBookmark
FNDA:0,onClick
FNDA:0,onClick
DA:1,1
DA:9,1
DA:10,10
DA:11,10
DA:12,10
DA:13,10
DA:14,10
DA:16,10
DA:18,10
DA:19,5
DA:20,1
DA:21,1
DA:22,1
DA:24,4
DA:25,4
DA:26,4
DA:27,4
DA:28,4
DA:29,2
DA:30,1
DA:31,1
DA:32,1
DA:33,1
DA:34,4
DA:35,4
DA:36,4
DA:37,4
DA:39,4
DA:40,10
DA:42,10
DA:43,0
DA:44,0
DA:45,0
DA:46,0
DA:47,0
DA:48,0
DA:49,0
DA:51,10
DA:53,10
DA:54,1
DA:55,1
DA:56,1
DA:57,1
DA:58,1
DA:59,1
DA:60,1
DA:62,1
DA:63,1
DA:64,1
DA:65,1
DA:67,1
DA:69,1
DA:70,1
DA:72,1
DA:74,4
DA:75,4
DA:76,4
DA:77,4
DA:78,4
DA:79,4
DA:80,4
DA:81,4
DA:82,4
DA:83,4
DA:84,4
DA:86,4
DA:87,2
DA:88,2
DA:89,2
DA:90,2
DA:91,1
DA:92,1
DA:93,1
DA:94,1
DA:96,1
DA:97,1
DA:99,1
DA:100,1
DA:102,1
DA:103,1
DA:104,1
DA:105,1
DA:106,1
DA:107,1
DA:108,1
DA:109,1
DA:110,1
DA:111,1
DA:112,1
DA:113,1
DA:114,1
DA:115,1
DA:116,1
DA:117,0
DA:118,0
DA:119,0
DA:120,1
DA:121,1
DA:123,1
DA:124,1
DA:125,1
DA:126,1
DA:127,1
DA:128,1
DA:129,1
DA:130,1
DA:131,1
DA:132,1
DA:133,1
DA:134,1
DA:135,1
DA:136,1
DA:137,1
DA:139,10
DA:141,10
LF:115
LH:105
BRDA:9,0,0,10
BRDA:16,1,0,8
BRDA:51,2,0,5
BRDA:53,3,0,1
BRDA:72,4,0,4
BRDA:86,5,0,2
BRDA:89,6,0,2
BRDA:90,7,0,1
BRDA:100,8,0,1
BRDA:18,9,0,5
BRDA:19,10,0,1
BRDA:22,11,0,4
BRDA:24,12,0,4
BRDA:26,13,0,2
BRDA:27,14,0,0
BRDA:28,15,0,2
BRDA:29,16,0,1
BRDA:103,17,0,1
BRF:18
BRH:17
end_of_record
TN:
SF:src\pages\reader\HistoryPage.jsx
FN:9,HistoryPage
FN:41,clearHistory
FN:51,removeHistoryItem
FN:75,onClick
FN:149,onClick
FNF:5
FNH:1
FNDA:10,HistoryPage
FNDA:0,clearHistory
FNDA:0,removeHistoryItem
FNDA:0,onClick
FNDA:0,onClick
DA:1,1
DA:9,1
DA:10,10
DA:11,10
DA:12,10
DA:13,10
DA:14,10
DA:16,10
DA:18,10
DA:19,4
DA:20,4
DA:21,4
DA:22,4
DA:23,2
DA:24,1
DA:25,1
DA:26,1
DA:27,1
DA:28,4
DA:29,4
DA:30,4
DA:31,10
DA:33,10
DA:34,5
DA:35,1
DA:36,1
DA:37,1
DA:38,4
DA:39,10
DA:41,10
DA:42,0
DA:43,0
DA:44,0
DA:45,0
DA:46,0
DA:47,0
DA:48,0
DA:49,0
DA:51,10
DA:52,0
DA:53,0
DA:54,0
DA:55,0
DA:56,0
DA:57,0
DA:58,0
DA:59,0
DA:60,0
DA:62,10
DA:64,10
DA:65,1
DA:66,1
DA:67,1
DA:68,1
DA:69,1
DA:70,1
DA:71,1
DA:73,1
DA:74,1
DA:75,1
DA:76,1
DA:78,1
DA:80,1
DA:81,1
DA:83,1
DA:85,4
DA:86,4
DA:87,4
DA:88,4
DA:89,4
DA:90,4
DA:91,4
DA:92,4
DA:93,4
DA:94,4
DA:95,4
DA:96,4
DA:98,4
DA:99,1
DA:100,1
DA:101,1
DA:103,1
DA:105,1
DA:107,10
DA:109,10
DA:110,2
DA:111,2
DA:112,2
DA:113,2
DA:114,1
DA:115,1
DA:116,1
DA:117,1
DA:119,1
DA:120,1
DA:122,1
DA:123,1
DA:125,1
DA:126,1
DA:127,1
DA:128,1
DA:129,1
DA:130,1
DA:132,1
DA:133,1
DA:134,1
DA:135,1
DA:136,1
DA:137,1
DA:138,1
DA:139,1
DA:140,1
DA:141,1
DA:142,1
DA:143,1
DA:144,1
DA:145,1
DA:146,1
DA:147,1
DA:148,1
DA:149,1
DA:150,1
DA:151,1
DA:153,1
DA:154,1
DA:155,1
DA:156,1
DA:157,1
DA:159,10
DA:161,10
LF:130
LH:113
BRDA:9,0,0,10
BRDA:16,1,0,8
BRDA:62,2,0,5
BRDA:64,3,0,1
BRDA:83,4,0,4
BRDA:98,5,0,1
BRDA:109,6,0,2
BRDA:112,7,0,2
BRDA:113,8,0,1
BRDA:123,9,0,1
BRDA:18,10,0,4
BRDA:20,11,0,2
BRDA:21,12,0,0
BRDA:22,13,0,2
BRDA:23,14,0,1
BRDA:33,15,0,5
BRDA:34,16,0,1
BRDA:37,17,0,4
BRDA:126,18,0,1
BRF:19
BRH:18
end_of_record
TN:
SF:src\pages\reader\NotificationsPage.jsx
FN:6,stripHtml
FN:13,getIconForType
FN:25,NotificationsPage
FN:29,fetchNotifications
FN:40,markAsRead
FN:49,markAllAsRead
FN:89,onClick
FNF:7
FNH:4
FNDA:7,stripHtml
FNDA:7,getIconForType
FNDA:16,NotificationsPage
FNDA:8,fetchNotifications
FNDA:0,markAsRead
FNDA:0,markAllAsRead
FNDA:0,onClick
DA:1,1
DA:6,1
DA:7,7
DA:8,7
DA:9,7
DA:10,7
DA:11,7
DA:13,1
DA:14,7
DA:15,7
DA:16,7
DA:17,6
DA:18,7
DA:19,1
DA:20,7
DA:21,0
DA:22,7
DA:23,7
DA:25,1
DA:26,16
DA:27,16
DA:29,16
DA:30,8
DA:31,8
DA:32,8
DA:33,8
DA:34,8
DA:36,16
DA:37,8
DA:38,16
DA:40,16
DA:41,0
DA:42,0
DA:43,0
DA:44,0
DA:45,0
DA:46,0
DA:47,0
DA:49,16
DA:50,0
DA:51,0
DA:52,0
DA:53,0
DA:54,0
DA:55,0
DA:56,0
DA:58,16
DA:60,8
DA:62,8
DA:63,8
DA:64,8
DA:65,8
DA:66,8
DA:67,8
DA:68,8
DA:69,8
DA:70,6
DA:71,6
DA:72,6
DA:74,16
DA:75,16
DA:76,16
DA:77,6
DA:78,6
DA:79,6
DA:81,16
DA:83,16
DA:84,16
DA:85,7
DA:86,7
DA:87,7
DA:88,7
DA:89,7
DA:90,7
DA:91,7
DA:92,6
DA:93,1
DA:94,7
DA:96,7
DA:97,6
DA:99,7
DA:100,7
DA:101,7
DA:102,7
DA:103,7
DA:104,7
DA:105,7
DA:106,7
DA:107,7
DA:108,7
DA:109,7
DA:110,7
DA:111,7
DA:112,7
DA:113,7
DA:114,7
DA:115,7
DA:116,7
DA:117,7
DA:118,7
DA:119,7
DA:120,7
DA:121,7
DA:122,7
DA:123,7
DA:124,7
DA:126,16
DA:127,16
DA:128,2
DA:129,2
DA:130,2
DA:131,2
DA:132,2
DA:133,2
DA:134,2
DA:136,16
DA:137,16
DA:139,16
LF:118
LH:103
BRDA:6,0,0,7
BRDA:7,1,0,0
BRDA:10,2,0,0
BRDA:10,3,0,0
BRDA:13,4,0,7
BRDA:15,5,0,6
BRDA:16,6,0,6
BRDA:18,7,0,1
BRDA:20,8,0,0
BRDA:25,9,0,16
BRDA:58,10,0,8
BRDA:69,11,0,6
BRDA:76,12,0,6
BRDA:127,13,0,2
BRDA:29,14,0,8
BRDA:31,15,0,7
BRDA:32,16,0,1
BRDA:33,17,0,8
BRDA:36,18,0,8
BRDA:60,19,0,7
BRDA:84,20,0,7
BRDA:91,21,0,6
BRDA:92,22,0,1
BRDA:96,23,0,6
BRDA:100,24,0,6
BRDA:100,25,0,1
BRDA:105,26,0,6
BRDA:105,27,0,1
BRDA:119,28,0,6
BRDA:119,29,0,1
BRF:30
BRH:26
end_of_record
TN:
SF:src\pages\reader\ProfilePage.jsx
FN:7,stripHtml
FN:14,loadRazorpayScript
FN:19,script.onload
FN:20,script.onerror
FN:25,ProfilePage
FN:60,refreshData
FN:109,fullName
FN:115,username
FN:122,phoneNumber
FN:127,bio
FN:133,validateField
FN:141,validateAll
FN:151,handleFieldChange
FN:156,isFormValid
FN:163,saveProfile
FN:195,changePassword
FN:207,handlePayment
FN:220,handler
FN:240,ondismiss
FN:267,getAuthorRequestPanelClass
FN:273,getAuthorRequestTitleClass
FN:279,getPlanButtonClass
FN:285,getSubscriptionLabel
FN:328,onClick
FN:434,onClick
FN:465,onClick
FN:490,onClick
FN:512,onError
FN:521,onChange
FN:537,onClick
FN:549,onChange
FN:550,onBlur
FN:566,onChange
FN:567,onBlur
FN:583,onChange
FN:584,onBlur
FN:598,onChange
FN:599,onBlur
FN:612,onChange
FN:643,onChange
FN:647,onChange
FN:733,onClick
FNF:42
FNH:35
FNDA:1,stripHtml
FNDA:2,loadRazorpayScript
FNDA:0,script.onload
FNDA:0,script.onerror
FNDA:260,ProfilePage
FNDA:43,refreshData
FNDA:78,fullName
FNDA:68,username
FNDA:64,phoneNumber
FNDA:60,bio
FNDA:4,validateField
FNDA:5,validateAll
FNDA:7,handleFieldChange
FNDA:72,isFormValid
FNDA:5,saveProfile
FNDA:2,changePassword
FNDA:3,handlePayment
FNDA:2,handler
FNDA:0,ondismiss
FNDA:3,getAuthorRequestPanelClass
FNDA:3,getAuthorRequestTitleClass
FNDA:19,getPlanButtonClass
FNDA:39,getSubscriptionLabel
FNDA:28,onClick
FNDA:1,onClick
FNDA:0,onClick
FNDA:0,onClick
FNDA:0,onError
FNDA:2,onChange
FNDA:1,onClick
FNDA:3,onChange
FNDA:1,onBlur
FNDA:2,onChange
FNDA:1,onBlur
FNDA:1,onChange
FNDA:1,onBlur
FNDA:1,onChange
FNDA:1,onBlur
FNDA:0,onChange
FNDA:2,onChange
FNDA:2,onChange
FNDA:3,onClick
DA:1,1
DA:7,1
DA:8,1
DA:9,1
DA:10,1
DA:11,1
DA:12,1
DA:14,2
DA:15,2
DA:16,2
DA:17,0
DA:18,0
DA:19,0
DA:20,0
DA:21,0
DA:22,2
DA:23,2
DA:25,1
DA:26,260
DA:27,260
DA:28,260
DA:29,260
DA:30,260
DA:31,260
DA:32,260
DA:33,260
DA:34,260
DA:35,260
DA:37,260
DA:38,260
DA:39,260
DA:40,260
DA:41,260
DA:43,260
DA:44,260
DA:45,260
DA:47,260
DA:48,260
DA:50,260
DA:51,260
DA:52,260
DA:53,260
DA:56,260
DA:57,260
DA:58,260
DA:60,260
DA:61,43
DA:62,43
DA:63,43
DA:64,43
DA:65,43
DA:66,43
DA:67,43
DA:68,43
DA:71,43
DA:72,4
DA:73,4
DA:74,4
DA:75,4
DA:76,4
DA:77,4
DA:78,43
DA:79,38
DA:80,38
DA:81,38
DA:84,43
DA:85,40
DA:86,40
DA:87,40
DA:88,40
DA:89,0
DA:90,0
DA:91,40
DA:92,43
DA:94,260
DA:95,42
DA:96,42
DA:97,42
DA:98,42
DA:99,42
DA:100,42
DA:101,42
DA:102,42
DA:103,42
DA:104,42
DA:105,260
DA:108,260
DA:109,260
DA:110,78
DA:111,78
DA:112,78
DA:113,66
DA:114,78
DA:115,260
DA:116,68
DA:117,68
DA:118,68
DA:119,68
DA:120,62
DA:121,68
DA:122,260
DA:123,64
DA:124,5
DA:125,0
DA:126,64
DA:127,260
DA:128,60
DA:129,55
DA:130,60
DA:131,260
DA:133,260
DA:134,4
DA:135,4
DA:136,4
DA:137,4
DA:138,4
DA:139,4
DA:141,260
DA:142,5
DA:143,5
DA:144,20
DA:145,20
DA:146,5
DA:147,5
DA:148,5
DA:149,5
DA:151,260
DA:152,7
DA:153,7
DA:154,7
DA:156,260
DA:157,72
DA:158,62
DA:159,58
DA:160,54
DA:161,72
DA:163,260
DA:164,5
DA:165,5
DA:166,5
DA:167,1
DA:168,1
DA:169,1
DA:170,1
DA:171,4
DA:172,4
DA:173,4
DA:174,1
DA:175,1
DA:176,1
DA:177,1
DA:178,5
DA:179,3
DA:180,3
DA:181,1
DA:182,1
DA:183,3
DA:184,1
DA:185,1
DA:186,1
DA:187,1
DA:188,1
DA:189,1
DA:190,1
DA:191,3
DA:192,5
DA:193,5
DA:195,260
DA:196,2
DA:197,2
DA:198,2
DA:199,2
DA:200,1
DA:201,1
DA:202,1
DA:203,1
DA:204,2
DA:205,2
DA:207,260
DA:208,3
DA:209,3
DA:210,3
DA:211,3
DA:212,3
DA:213,2
DA:214,2
DA:215,3
DA:216,2
DA:217,2
DA:218,2
DA:219,2
DA:220,2
DA:221,2
DA:222,2
DA:223,2
DA:224,2
DA:225,2
DA:226,1
DA:228,2
DA:229,1
DA:230,1
DA:231,1
DA:232,1
DA:233,1
DA:234,1
DA:235,2
DA:236,2
DA:237,2
DA:238,2
DA:239,2
DA:240,2
DA:241,2
DA:242,2
DA:243,3
DA:244,1
DA:245,1
DA:246,1
DA:247,3
DA:249,260
DA:251,116
DA:252,116
DA:253,260
DA:254,260
DA:255,260
DA:256,260
DA:257,260
DA:258,260
DA:259,260
DA:261,260
DA:262,232
DA:263,232
DA:264,2
DA:265,260
DA:267,260
DA:268,3
DA:269,3
DA:270,1
DA:271,3
DA:273,260
DA:274,3
DA:275,3
DA:276,1
DA:277,3
DA:279,260
DA:280,19
DA:281,19
DA:282,19
DA:283,19
DA:285,260
DA:286,39
DA:287,39
DA:288,36
DA:289,39
DA:291,260
DA:292,260
DA:294,260
DA:295,260
DA:296,260
DA:297,0
DA:299,116
DA:300,116
DA:301,116
DA:303,260
DA:304,260
DA:305,260
DA:306,260
DA:307,260
DA:308,260
DA:309,260
DA:310,13
DA:311,13
DA:312,13
DA:314,260
DA:315,0
DA:316,0
DA:317,0
DA:319,260
DA:320,260
DA:321,260
DA:322,260
DA:323,260
DA:326,260
DA:327,260
DA:328,809
DA:329,809
DA:330,809
DA:331,809
DA:332,809
DA:333,260
DA:334,260
DA:336,260
DA:338,260
DA:339,39
DA:340,39
DA:341,39
DA:342,39
DA:343,39
DA:344,39
DA:345,39
DA:346,39
DA:347,39
DA:348,39
DA:349,39
DA:350,39
DA:351,39
DA:352,39
DA:353,39
DA:354,351
DA:355,351
DA:356,351
DA:357,351
DA:358,39
DA:359,39
DA:360,39
DA:361,39
DA:362,39
DA:363,39
DA:364,39
DA:365,1
DA:366,1
DA:367,1
DA:368,1
DA:369,39
DA:370,39
DA:371,39
DA:372,39
DA:376,260
DA:377,6
DA:378,6
DA:379,6
DA:380,6
DA:381,6
DA:382,6
DA:383,6
DA:384,6
DA:385,6
DA:386,6
DA:388,6
DA:389,3
DA:390,3
DA:391,3
DA:392,3
DA:393,3
DA:394,3
DA:395,3
DA:396,3
DA:397,3
DA:398,3
DA:399,3
DA:400,3
DA:401,3
DA:402,3
DA:403,3
DA:404,3
DA:405,2
DA:406,2
DA:407,2
DA:409,3
DA:410,3
DA:411,1
DA:413,1
DA:415,3
DA:416,1
DA:418,1
DA:420,3
DA:422,3
DA:423,3
DA:424,3
DA:425,3
DA:426,3
DA:427,3
DA:428,3
DA:429,3
DA:430,3
DA:431,3
DA:432,3
DA:433,3
DA:434,3
DA:435,1
DA:436,1
DA:437,1
DA:438,1
DA:439,1
DA:440,0
DA:441,1
DA:442,1
DA:443,1
DA:444,1
DA:445,3
DA:446,3
DA:448,3
DA:450,3
DA:451,3
DA:453,6
DA:457,260
DA:458,2
DA:459,2
DA:460,2
DA:461,1
DA:462,1
DA:463,1
DA:464,1
DA:465,1
DA:466,1
DA:468,1
DA:469,1
DA:470,1
DA:471,1
DA:472,1
DA:473,1
DA:474,1
DA:475,1
DA:476,1
DA:478,2
DA:482,260
DA:483,1
DA:484,1
DA:485,1
DA:486,1
DA:487,1
DA:488,1
DA:489,1
DA:490,1
DA:491,1
DA:493,0
DA:494,0
DA:495,0
DA:496,0
DA:497,0
DA:498,0
DA:499,0
DA:500,0
DA:502,1
DA:506,260
DA:507,38
DA:508,38
DA:509,38
DA:510,38
DA:511,38
DA:512,1
DA:514,37
DA:515,37
DA:516,37
DA:518,38
DA:519,38
DA:520,38
DA:521,38
DA:522,2
DA:523,2
DA:524,2
DA:525,2
DA:526,2
DA:527,2
DA:528,1
DA:529,1
DA:530,2
DA:531,38
DA:532,38
DA:533,38
DA:534,38
DA:535,38
DA:536,38
DA:537,1
DA:539,38
DA:540,38
DA:543,38
DA:544,38
DA:545,38
DA:546,38
DA:547,38
DA:548,38
DA:549,38
DA:550,38
DA:551,38
DA:552,38
DA:553,38
DA:554,38
DA:555,38
DA:556,38
DA:557,38
DA:560,38
DA:561,38
DA:562,38
DA:563,38
DA:564,38
DA:565,38
DA:566,38
DA:567,38
DA:568,38
DA:569,38
DA:570,38
DA:571,38
DA:572,38
DA:573,38
DA:574,38
DA:577,38
DA:578,38
DA:579,38
DA:580,38
DA:581,38
DA:582,38
DA:583,38
DA:584,38
DA:585,38
DA:586,38
DA:587,38
DA:588,38
DA:589,38
DA:590,38
DA:591,38
DA:594,38
DA:595,38
DA:596,38
DA:597,38
DA:598,38
DA:599,38
DA:600,38
DA:601,38
DA:602,38
DA:603,38
DA:604,38
DA:605,38
DA:608,38
DA:609,38
DA:610,38
DA:611,38
DA:612,38
DA:613,38
DA:614,38
DA:617,38
DA:618,9
DA:619,9
DA:620,5
DA:621,4
DA:622,9
DA:623,9
DA:624,9
DA:625,9
DA:628,38
DA:629,38
DA:630,38
DA:631,38
DA:635,260
DA:636,11
DA:637,11
DA:638,11
DA:639,0
DA:641,11
DA:642,11
DA:643,11
DA:644,11
DA:645,11
DA:646,11
DA:647,11
DA:648,11
DA:649,11
DA:650,11
DA:651,11
DA:655,260
DA:656,19
DA:658,19
DA:659,19
DA:660,19
DA:661,19
DA:662,19
DA:663,9
DA:664,9
DA:665,9
DA:666,9
DA:667,9
DA:668,9
DA:669,9
DA:670,9
DA:671,9
DA:672,9
DA:673,9
DA:674,9
DA:675,9
DA:676,10
DA:677,0
DA:678,0
DA:679,0
DA:680,0
DA:681,0
DA:682,0
DA:683,0
DA:684,0
DA:685,0
DA:687,10
DA:688,10
DA:689,10
DA:690,10
DA:692,19
DA:694,19
DA:695,19
DA:696,19
DA:697,19
DA:698,19
DA:699,19
DA:700,19
DA:702,19
DA:703,9
DA:704,9
DA:705,0
DA:706,0
DA:707,9
DA:708,9
DA:709,9
DA:710,9
DA:711,9
DA:712,9
DA:713,0
DA:714,0
DA:715,0
DA:716,0
DA:717,0
DA:718,0
DA:719,0
DA:720,0
DA:721,19
DA:722,0
DA:723,0
DA:725,19
DA:726,19
DA:727,19
DA:728,19
DA:729,19
DA:730,19
DA:731,19
DA:732,19
DA:733,19
DA:734,19
DA:735,19
DA:736,19
DA:737,19
DA:738,19
DA:739,19
DA:740,19
DA:741,19
DA:742,19
DA:743,19
DA:744,19
DA:745,19
DA:746,0
DA:747,0
DA:748,0
DA:749,0
DA:750,0
DA:751,0
DA:752,0
DA:753,19
DA:754,19
DA:755,19
DA:756,19
DA:758,260
DA:759,260
DA:761,260
LF:657
LH:607
BRDA:7,0,0,1
BRDA:8,1,0,0
BRDA:11,2,0,0
BRDA:11,3,0,0
BRDA:14,4,0,2
BRDA:15,5,0,2
BRDA:16,6,0,0
BRDA:25,7,0,260
BRDA:56,8,0,25
BRDA:58,9,0,256
BRDA:249,10,0,144
BRDA:249,11,0,116
BRDA:253,12,0,114
BRDA:253,13,0,2
BRDA:258,14,0,116
BRDA:258,15,0,115
BRDA:258,16,0,1
BRDA:296,17,0,116
BRDA:296,18,0,0
BRDA:297,19,0,116
BRDA:300,20,0,0
BRDA:304,21,0,116
BRDA:305,22,0,116
BRDA:305,23,0,116
BRDA:307,24,0,116
BRDA:308,25,0,116
BRDA:309,26,0,13
BRDA:314,27,0,0
BRDA:322,28,0,116
BRDA:322,29,0,116
BRDA:338,30,0,39
BRDA:349,31,0,0
BRDA:352,32,0,0
BRDA:364,33,0,1
BRDA:369,34,0,38
BRDA:376,35,0,6
BRDA:388,36,0,3
BRDA:392,37,0,1
BRDA:393,38,0,1
BRDA:394,39,0,1
BRDA:404,40,0,2
BRDA:410,41,0,1
BRDA:415,42,0,1
BRDA:420,43,0,3
BRDA:448,44,0,1
BRDA:448,45,0,2
BRDA:457,46,0,2
BRDA:460,47,0,1
BRDA:466,48,0,1
BRDA:475,49,0,0
BRDA:482,50,0,1
BRDA:491,51,0,0
BRDA:506,52,0,38
BRDA:511,53,0,1
BRDA:512,54,0,37
BRDA:515,55,0,0
BRDA:536,56,0,1
BRDA:552,57,0,2
BRDA:552,58,0,36
BRDA:555,59,0,2
BRDA:569,60,0,3
BRDA:569,61,0,35
BRDA:572,62,0,3
BRDA:586,63,0,2
BRDA:586,64,0,36
BRDA:589,65,0,2
BRDA:601,66,0,1
BRDA:601,67,0,37
BRDA:603,68,0,1
BRDA:604,69,0,0
BRDA:617,70,0,9
BRDA:619,71,0,5
BRDA:620,72,0,4
BRDA:623,73,0,5
BRDA:623,74,0,4
BRDA:628,75,0,34
BRDA:628,76,0,11
BRDA:628,77,0,27
BRDA:629,78,0,4
BRDA:629,79,0,34
BRDA:635,80,0,11
BRDA:638,81,0,0
BRDA:649,82,0,2
BRDA:650,83,0,2
BRDA:650,84,0,9
BRDA:655,85,0,19
BRDA:662,86,0,9
BRDA:668,87,0,0
BRDA:671,88,0,0
BRDA:675,89,0,10
BRDA:676,90,0,0
BRDA:740,91,0,10
BRDA:745,92,0,0
BRDA:60,93,0,43
BRDA:65,94,0,42
BRDA:66,95,0,0
BRDA:67,96,0,0
BRDA:68,97,0,38
BRDA:68,98,0,4
BRDA:71,99,0,4
BRDA:76,100,0,0
BRDA:77,101,0,0
BRDA:78,102,0,38
BRDA:81,103,0,42
BRDA:84,104,0,40
BRDA:88,105,0,0
BRDA:94,106,0,42
BRDA:97,107,0,0
BRDA:98,108,0,0
BRDA:99,109,0,0
BRDA:104,110,0,41
BRDA:109,111,0,78
BRDA:110,112,0,73
BRDA:110,113,0,5
BRDA:110,114,0,73
BRDA:111,115,0,0
BRDA:111,116,0,73
BRDA:112,117,0,7
BRDA:112,118,0,66
BRDA:115,119,0,68
BRDA:116,120,0,0
BRDA:117,121,0,5
BRDA:117,122,0,63
BRDA:118,123,0,1
BRDA:118,124,0,62
BRDA:119,125,0,0
BRDA:119,126,0,62
BRDA:122,127,0,64
BRDA:123,128,0,5
BRDA:123,129,0,59
BRDA:123,130,0,5
BRDA:124,131,0,0
BRDA:127,132,0,60
BRDA:128,133,0,5
BRDA:128,134,0,55
BRDA:133,135,0,4
BRDA:135,136,0,0
BRDA:137,137,0,4
BRDA:141,138,0,5
BRDA:143,139,0,20
BRDA:145,140,0,2
BRDA:151,141,0,7
BRDA:153,142,0,0
BRDA:156,143,0,72
BRDA:157,144,0,62
BRDA:158,145,0,58
BRDA:159,146,0,54
BRDA:163,147,0,5
BRDA:166,148,0,1
BRDA:170,149,0,4
BRDA:173,150,0,1
BRDA:178,151,0,3
BRDA:180,152,0,1
BRDA:183,153,0,2
BRDA:183,154,0,1
BRDA:183,155,0,1
BRDA:189,156,0,0
BRDA:192,157,0,4
BRDA:185,158,0,1
BRDA:195,159,0,2
BRDA:199,160,0,1
BRDA:203,161,0,0
BRDA:207,162,0,3
BRDA:212,163,0,2
BRDA:215,164,0,0
BRDA:215,165,0,2
BRDA:243,166,0,1
BRDA:244,167,0,0
BRDA:220,168,0,2
BRDA:225,169,0,1
BRDA:228,170,0,1
BRDA:228,171,0,1
BRDA:234,172,0,0
BRDA:261,173,0,232
BRDA:262,174,0,228
BRDA:262,175,0,4
BRDA:263,176,0,2
BRDA:267,177,0,3
BRDA:268,178,0,1
BRDA:268,179,0,2
BRDA:269,180,0,1
BRDA:273,181,0,3
BRDA:274,182,0,1
BRDA:274,183,0,2
BRDA:275,184,0,1
BRDA:279,185,0,19
BRDA:280,186,0,12
BRDA:280,187,0,3
BRDA:280,188,0,3
BRDA:280,189,0,16
BRDA:281,190,0,9
BRDA:281,191,0,10
BRDA:285,192,0,39
BRDA:286,193,0,3
BRDA:286,194,0,36
BRDA:287,195,0,0
BRDA:287,196,0,36
BRDA:327,197,0,809
BRDA:330,198,0,116
BRDA:330,199,0,693
BRDA:328,200,0,28
BRDA:353,201,0,351
BRDA:356,202,0,0
BRDA:364,203,0,1
BRDA:434,204,0,1
BRDA:439,205,0,0
BRDA:469,206,0,1
BRDA:521,207,0,2
BRDA:523,208,0,0
BRDA:527,209,0,1
BRDA:537,210,0,1
BRDA:549,211,0,3
BRDA:550,212,0,1
BRDA:566,213,0,2
BRDA:567,214,0,1
BRDA:583,215,0,1
BRDA:584,216,0,1
BRDA:598,217,0,1
BRDA:599,218,0,1
BRDA:643,219,0,2
BRDA:647,220,0,2
BRDA:697,221,0,19
BRDA:702,222,0,9
BRDA:704,223,0,0
BRDA:712,224,0,0
BRDA:721,225,0,10
BRDA:721,226,0,0
BRDA:726,227,0,9
BRDA:726,228,0,10
BRDA:728,229,0,9
BRDA:734,230,0,6
BRDA:734,231,0,13
BRDA:733,232,0,3
BRF:233
BRH:189
end_of_record
TN:
SF:src\utils\navigation.js
FN:1,resolveDashboardPath
FN:14,resolveDashboardLabel
FNF:2
FNH:2
FNDA:40,resolveDashboardPath
FNDA:32,resolveDashboardLabel
DA:1,1
DA:2,40
DA:3,13
DA:4,13
DA:5,37
DA:6,3
DA:7,3
DA:8,37
DA:9,7
DA:10,7
DA:11,17
DA:12,17
DA:14,1
DA:15,32
DA:16,13
DA:17,13
DA:18,29
DA:19,2
DA:20,2
DA:21,29
DA:22,6
DA:23,6
DA:24,11
DA:25,11
LF:24
LH:24
BRDA:1,0,0,40
BRDA:2,1,0,13
BRDA:4,2,0,37
BRDA:4,3,0,27
BRDA:5,4,0,3
BRDA:7,5,0,24
BRDA:8,6,0,7
BRDA:10,7,0,17
BRDA:14,8,0,32
BRDA:15,9,0,13
BRDA:17,10,0,29
BRDA:17,11,0,19
BRDA:18,12,0,2
BRDA:20,13,0,17
BRDA:21,14,0,25
BRDA:21,15,0,6
BRDA:23,16,0,11
BRF:17
BRH:17
end_of_record
